This is pdfTeX, Version 3.141592653-2.6-1.40.22 (TeX Live 2021/MacPorts 2021.58693_0) (preloaded format=pdflatex 2021.11.16)  25 MAR 2022 17:49
entering extended mode
 restricted \write18 enabled.
 %&-line parsing enabled.
**ttool_diplodocus_simulator
(./ttool_diplodocus_simulator.tex
LaTeX2e <2020-10-01> patch level 4
L3 programming layer <2021-02-18> (/opt/local/share/texmf-texlive/tex/latex/bas
e/article.cls
Document Class: article 2020/04/10 v1.4m Standard LaTeX document class
(/opt/local/share/texmf-texlive/tex/latex/base/size11.clo
File: size11.clo 2020/04/10 v1.4m Standard LaTeX file (size option)
)
\c@part=\count179
\c@section=\count180
\c@subsection=\count181
\c@subsubsection=\count182
\c@paragraph=\count183
\c@subparagraph=\count184
\c@figure=\count185
\c@table=\count186
\abovecaptionskip=\skip47
\belowcaptionskip=\skip48
\bibindent=\dimen138
) (/opt/local/share/texmf-texlive/tex/latex/base/inputenc.sty
Package: inputenc 2020/08/01 v1.3d Input encoding file
\inpenc@prehook=\toks15
\inpenc@posthook=\toks16
) (/opt/local/share/texmf-texlive/tex/generic/babel/babel.sty
Package: babel 2021/03/24 3.56 The Babel package
(/opt/local/share/texmf-texlive/tex/generic/babel/babel.def
File: babel.def 2021/03/24 3.56 Babel common definitions
\babel@savecnt=\count187
\U@D=\dimen139
\l@babelnohyphens=\language52
(/opt/local/share/texmf-texlive/tex/generic/babel/txtbabel.def)
\bbl@readstream=\read2
)
\bbl@dirlevel=\count188
(/opt/local/share/texmf-texlive/tex/generic/babel-french/francais.ldf
Language: francais 2020/10/10 v3.5l French support from the babel system

Package francais.ldf Warning: Option `francais' for Babel is *deprecated*,
(francais.ldf)                it might be removed sooner or later. Please
(francais.ldf)                use `french' instead; reported on input line 31.

(/opt/local/share/texmf-texlive/tex/generic/babel-french/french.ldf
Language: french 2020/10/10 v3.5l French support from the babel system
Package babel Info: \l@acadian = using hyphenrules for french
(babel)             (\language36) on input line 91.
Package babel Info: \l@canadien = using hyphenrules for french
(babel)             (\language36) on input line 92.
\FB@nonchar=\count189
Package babel Info: Making : an active character on input line 430.
Package babel Info: Making ; an active character on input line 431.
Package babel Info: Making ! an active character on input line 432.
Package babel Info: Making ? an active character on input line 433.
\FBguill@level=\count190
\FBold@everypar=\toks17
\FB@Mht=\dimen140
\mc@charclass=\count191
\mc@charfam=\count192
\mc@charslot=\count193
\std@mcc=\count194
\dec@mcc=\count195
\listindentFB=\dimen141
\descindentFB=\dimen142
\labelindentFB=\dimen143
\labelwidthFB=\dimen144
\leftmarginFB=\dimen145
\parindentFFN=\dimen146
\FBfnindent=\dimen147
))) (/opt/local/share/texmf-texlive/tex/latex/carlisle/scalefnt.sty) (/opt/loca
l/share/texmf-texlive/tex/latex/graphics/keyval.sty
Package: keyval 2014/10/28 v1.15 key=value parser (DPC)
\KV@toks@=\toks18
) (/opt/local/share/texmf-texlive/tex/latex/base/fontenc.sty
Package: fontenc 2020/08/10 v2.0s Standard LaTeX package
) (/opt/local/share/texmf-texlive/tex/latex/slantsc/slantsc.sty
Package: slantsc 2012/01/01 v2.11 Provide Slanted an Italic Small Caps
(/opt/local/share/texmf-texlive/tex/latex/base/ifthen.sty
Package: ifthen 2014/09/29 v1.1c Standard LaTeX ifthen package (DPC)
)
LaTeX Info: Redefining \upshape on input line 35.
LaTeX Info: Redefining \slshape on input line 45.
LaTeX Info: Redefining \itshape on input line 55.
LaTeX Info: Redefining \scshape on input line 65.
) (/opt/local/share/texmf-texlive/tex/latex/lm/lmodern.sty
Package: lmodern 2015/05/01 v1.6.1 Latin Modern Fonts
LaTeX Font Info:    Overwriting symbol font `operators' in version `normal'
(Font)                  OT1/cmr/m/n --> OT1/lmr/m/n on input line 22.
LaTeX Font Info:    Overwriting symbol font `letters' in version `normal'
(Font)                  OML/cmm/m/it --> OML/lmm/m/it on input line 23.
LaTeX Font Info:    Overwriting symbol font `symbols' in version `normal'
(Font)                  OMS/cmsy/m/n --> OMS/lmsy/m/n on input line 24.
LaTeX Font Info:    Overwriting symbol font `largesymbols' in version `normal'
(Font)                  OMX/cmex/m/n --> OMX/lmex/m/n on input line 25.
LaTeX Font Info:    Overwriting symbol font `operators' in version `bold'
(Font)                  OT1/cmr/bx/n --> OT1/lmr/bx/n on input line 26.
LaTeX Font Info:    Overwriting symbol font `letters' in version `bold'
(Font)                  OML/cmm/b/it --> OML/lmm/b/it on input line 27.
LaTeX Font Info:    Overwriting symbol font `symbols' in version `bold'
(Font)                  OMS/cmsy/b/n --> OMS/lmsy/b/n on input line 28.
LaTeX Font Info:    Overwriting symbol font `largesymbols' in version `bold'
(Font)                  OMX/cmex/m/n --> OMX/lmex/m/n on input line 29.
LaTeX Font Info:    Overwriting math alphabet `\mathbf' in version `normal'
(Font)                  OT1/cmr/bx/n --> OT1/lmr/bx/n on input line 31.
LaTeX Font Info:    Overwriting math alphabet `\mathsf' in version `normal'
(Font)                  OT1/cmss/m/n --> OT1/lmss/m/n on input line 32.
LaTeX Font Info:    Overwriting math alphabet `\mathit' in version `normal'
(Font)                  OT1/cmr/m/it --> OT1/lmr/m/it on input line 33.
LaTeX Font Info:    Overwriting math alphabet `\mathtt' in version `normal'
(Font)                  OT1/cmtt/m/n --> OT1/lmtt/m/n on input line 34.
LaTeX Font Info:    Overwriting math alphabet `\mathbf' in version `bold'
(Font)                  OT1/cmr/bx/n --> OT1/lmr/bx/n on input line 35.
LaTeX Font Info:    Overwriting math alphabet `\mathsf' in version `bold'
(Font)                  OT1/cmss/bx/n --> OT1/lmss/bx/n on input line 36.
LaTeX Font Info:    Overwriting math alphabet `\mathit' in version `bold'
(Font)                  OT1/cmr/bx/it --> OT1/lmr/bx/it on input line 37.
LaTeX Font Info:    Overwriting math alphabet `\mathtt' in version `bold'
(Font)                  OT1/cmtt/m/n --> OT1/lmtt/m/n on input line 38.
) (/opt/local/share/texmf-texlive/tex/latex/base/textcomp.sty
Package: textcomp 2020/02/02 v2.0n Standard LaTeX package
) (/opt/local/share/texmf-texlive/tex/latex/boxedminipage/boxedminipage.sty
Package: boxedminipage 2020/04/19 v1.1 Boxed LaTeX2e minipages
\bmp@box=\box47
\bmp@width=\skip49
\bmp@height=\skip50
) (/opt/local/share/texmf-texlive/tex/latex/graphics/graphicx.sty
Package: graphicx 2020/09/09 v1.2b Enhanced LaTeX Graphics (DPC,SPQR)
(/opt/local/share/texmf-texlive/tex/latex/graphics/graphics.sty
Package: graphics 2020/08/30 v1.4c Standard LaTeX Graphics (DPC,SPQR)
(/opt/local/share/texmf-texlive/tex/latex/graphics/trig.sty
Package: trig 2016/01/03 v1.10 sin cos tan (DPC)
) (/opt/local/share/texmf-texlive/tex/latex/graphics-cfg/graphics.cfg
File: graphics.cfg 2016/06/04 v1.11 sample graphics configuration
)
Package graphics Info: Driver file: pdftex.def on input line 105.
(/opt/local/share/texmf-texlive/tex/latex/graphics-def/pdftex.def
File: pdftex.def 2020/10/05 v1.2a Graphics/color driver for pdftex
))
\Gin@req@height=\dimen148
\Gin@req@width=\dimen149
) (/opt/local/share/texmf-texlive/tex/latex/xcolor/xcolor.sty
Package: xcolor 2016/05/11 v2.12 LaTeX color extensions (UK)
(/opt/local/share/texmf-texlive/tex/latex/graphics-cfg/color.cfg
File: color.cfg 2016/01/02 v1.6 sample color configuration
)
Package xcolor Info: Driver file: pdftex.def on input line 225.
Package xcolor Info: Model `cmy' substituted by `cmy0' on input line 1348.
Package xcolor Info: Model `hsb' substituted by `rgb' on input line 1352.
Package xcolor Info: Model `RGB' extended on input line 1364.
Package xcolor Info: Model `HTML' substituted by `rgb' on input line 1366.
Package xcolor Info: Model `Hsb' substituted by `hsb' on input line 1367.
Package xcolor Info: Model `tHsb' substituted by `hsb' on input line 1368.
Package xcolor Info: Model `HSB' substituted by `hsb' on input line 1369.
Package xcolor Info: Model `Gray' substituted by `gray' on input line 1370.
Package xcolor Info: Model `wave' substituted by `hsb' on input line 1371.
(/opt/local/share/texmf-texlive/tex/latex/graphics/dvipsnam.def
File: dvipsnam.def 2016/06/17 v3.0m Driver-dependent file (DPC,SPQR)
)) (/opt/local/share/texmf-texlive/tex/latex/hyperref/hyperref.sty
Package: hyperref 2021-02-27 v7.00k Hypertext links for LaTeX
(/opt/local/share/texmf-texlive/tex/generic/ltxcmds/ltxcmds.sty
Package: ltxcmds 2020-05-10 v1.25 LaTeX kernel commands for general use (HO)
) (/opt/local/share/texmf-texlive/tex/generic/iftex/iftex.sty
Package: iftex 2020/03/06 v1.0d TeX engine tests
) (/opt/local/share/texmf-texlive/tex/generic/pdftexcmds/pdftexcmds.sty
Package: pdftexcmds 2020-06-27 v0.33 Utility functions of pdfTeX for LuaTeX (HO
)
(/opt/local/share/texmf-texlive/tex/generic/infwarerr/infwarerr.sty
Package: infwarerr 2019/12/03 v1.5 Providing info/warning/error messages (HO)
)
Package pdftexcmds Info: \pdf@primitive is available.
Package pdftexcmds Info: \pdf@ifprimitive is available.
Package pdftexcmds Info: \pdfdraftmode found.
) (/opt/local/share/texmf-texlive/tex/generic/kvsetkeys/kvsetkeys.sty
Package: kvsetkeys 2019/12/15 v1.18 Key value parser (HO)
) (/opt/local/share/texmf-texlive/tex/generic/kvdefinekeys/kvdefinekeys.sty
Package: kvdefinekeys 2019-12-19 v1.6 Define keys (HO)
) (/opt/local/share/texmf-texlive/tex/generic/pdfescape/pdfescape.sty
Package: pdfescape 2019/12/09 v1.15 Implements pdfTeX's escape features (HO)
) (/opt/local/share/texmf-texlive/tex/latex/hycolor/hycolor.sty
Package: hycolor 2020-01-27 v1.10 Color options for hyperref/bookmark (HO)
) (/opt/local/share/texmf-texlive/tex/latex/letltxmacro/letltxmacro.sty
Package: letltxmacro 2019/12/03 v1.6 Let assignment for LaTeX macros (HO)
) (/opt/local/share/texmf-texlive/tex/latex/auxhook/auxhook.sty
Package: auxhook 2019-12-17 v1.6 Hooks for auxiliary files (HO)
) (/opt/local/share/texmf-texlive/tex/latex/kvoptions/kvoptions.sty
Package: kvoptions 2020-10-07 v3.14 Key value format for package options (HO)
)
\@linkdim=\dimen150
\Hy@linkcounter=\count196
\Hy@pagecounter=\count197
(/opt/local/share/texmf-texlive/tex/latex/hyperref/pd1enc.def
File: pd1enc.def 2021-02-27 v7.00k Hyperref: PDFDocEncoding definition (HO)
Now handling font encoding PD1 ...
... no UTF-8 mapping file for font encoding PD1
) (/opt/local/share/texmf-texlive/tex/latex/hyperref/hyperref-langpatches.def
File: hyperref-langpatches.def 2021-02-27 v7.00k Hyperref: patches for babel la
nguages
) (/opt/local/share/texmf-texlive/tex/generic/intcalc/intcalc.sty
Package: intcalc 2019/12/15 v1.3 Expandable calculations with integers (HO)
) (/opt/local/share/texmf-texlive/tex/generic/etexcmds/etexcmds.sty
Package: etexcmds 2019/12/15 v1.7 Avoid name clashes with e-TeX commands (HO)
)
\Hy@SavedSpaceFactor=\count198
(/opt/local/share/texmf-texlive/tex/latex/hyperref/puenc.def
File: puenc.def 2021-02-27 v7.00k Hyperref: PDF Unicode definition (HO)
Now handling font encoding PU ...
... no UTF-8 mapping file for font encoding PU
)
Package hyperref Info: Hyper figures OFF on input line 4192.
Package hyperref Info: Link nesting OFF on input line 4197.
Package hyperref Info: Hyper index ON on input line 4200.
Package hyperref Info: Plain pages OFF on input line 4207.
Package hyperref Info: Backreferencing OFF on input line 4212.
Package hyperref Info: Implicit mode ON; LaTeX internals redefined.
Package hyperref Info: Bookmarks ON on input line 4445.
\c@Hy@tempcnt=\count199
(/opt/local/share/texmf-texlive/tex/latex/url/url.sty
\Urlmuskip=\muskip16
Package: url 2013/09/16  ver 3.4  Verb mode for urls, etc.
)
LaTeX Info: Redefining \url on input line 4804.
\XeTeXLinkMargin=\dimen151
(/opt/local/share/texmf-texlive/tex/generic/bitset/bitset.sty
Package: bitset 2019/12/09 v1.3 Handle bit-vector datatype (HO)
(/opt/local/share/texmf-texlive/tex/generic/bigintcalc/bigintcalc.sty
Package: bigintcalc 2019/12/15 v1.5 Expandable calculations on big integers (HO
)
))
\Fld@menulength=\count266
\Field@Width=\dimen152
\Fld@charsize=\dimen153
Package hyperref Info: Hyper figures OFF on input line 6075.
Package hyperref Info: Link nesting OFF on input line 6080.
Package hyperref Info: Hyper index ON on input line 6083.
Package hyperref Info: backreferencing OFF on input line 6090.
Package hyperref Info: Link coloring OFF on input line 6095.
Package hyperref Info: Link coloring with OCG OFF on input line 6100.
Package hyperref Info: PDF/A mode OFF on input line 6105.
LaTeX Info: Redefining \ref on input line 6145.
LaTeX Info: Redefining \pageref on input line 6149.
(/opt/local/share/texmf-texlive/tex/latex/base/atbegshi-ltx.sty
Package: atbegshi-ltx 2020/08/17 v1.0a Emulation of the original atbegshi packa
ge
with kernel methods
)
\Hy@abspage=\count267
\c@Item=\count268
\c@Hfootnote=\count269
)
Package hyperref Info: Driver (autodetected): hpdftex.
(/opt/local/share/texmf-texlive/tex/latex/hyperref/hpdftex.def
File: hpdftex.def 2021-02-27 v7.00k Hyperref driver for pdfTeX
(/opt/local/share/texmf-texlive/tex/latex/base/atveryend-ltx.sty
Package: atveryend-ltx 2020/08/19 v1.0a Emulation of the original atvery packag
e
with kernel methods
)
\Fld@listcount=\count270
\c@bookmark@seq@number=\count271
(/opt/local/share/texmf-texlive/tex/latex/rerunfilecheck/rerunfilecheck.sty
Package: rerunfilecheck 2019/12/05 v1.9 Rerun checks for auxiliary files (HO)
(/opt/local/share/texmf-texlive/tex/generic/uniquecounter/uniquecounter.sty
Package: uniquecounter 2019/12/15 v1.4 Provide unlimited unique counter (HO)
)
Package uniquecounter Info: New unique counter `rerunfilecheck' on input line 2
86.
)
\Hy@SectionHShift=\skip51
)
LaTeX Font Info:    Trying to load font information for T1+lmtt on input line 2
3.
(/opt/local/share/texmf-texlive/tex/latex/lm/t1lmtt.fd
File: t1lmtt.fd 2015/05/01 v1.6.1 Font defs for Latin Modern
) (/opt/local/share/texmf-texlive/tex/latex/amsmath/amsmath.sty
Package: amsmath 2020/09/23 v2.17i AMS math features
\@mathmargin=\skip52
For additional information on amsmath, use the `?' option.
(/opt/local/share/texmf-texlive/tex/latex/amsmath/amstext.sty
Package: amstext 2000/06/29 v2.01 AMS text
(/opt/local/share/texmf-texlive/tex/latex/amsmath/amsgen.sty
File: amsgen.sty 1999/11/30 v2.0 generic functions
\@emptytoks=\toks19
\ex@=\dimen154
)) (/opt/local/share/texmf-texlive/tex/latex/amsmath/amsbsy.sty
Package: amsbsy 1999/11/29 v1.2d Bold Symbols
\pmbraise@=\dimen155
) (/opt/local/share/texmf-texlive/tex/latex/amsmath/amsopn.sty
Package: amsopn 2016/03/08 v2.02 operator names
)
\inf@bad=\count272
LaTeX Info: Redefining \frac on input line 234.
\uproot@=\count273
\leftroot@=\count274
LaTeX Info: Redefining \overline on input line 399.
\classnum@=\count275
\DOTSCASE@=\count276
LaTeX Info: Redefining \ldots on input line 496.
LaTeX Info: Redefining \dots on input line 499.
LaTeX Info: Redefining \cdots on input line 620.
\Mathstrutbox@=\box48
\strutbox@=\box49
\big@size=\dimen156
LaTeX Font Info:    Redeclaring font encoding OML on input line 743.
LaTeX Font Info:    Redeclaring font encoding OMS on input line 744.
\macc@depth=\count277
\c@MaxMatrixCols=\count278
\dotsspace@=\muskip17
\c@parentequation=\count279
\dspbrk@lvl=\count280
\tag@help=\toks20
\row@=\count281
\column@=\count282
\maxfields@=\count283
\andhelp@=\toks21
\eqnshift@=\dimen157
\alignsep@=\dimen158
\tagshift@=\dimen159
\tagwidth@=\dimen160
\totwidth@=\dimen161
\lineht@=\dimen162
\@envbody=\toks22
\multlinegap=\skip53
\multlinetaggap=\skip54
\mathdisplay@stack=\toks23
LaTeX Info: Redefining \[ on input line 2923.
LaTeX Info: Redefining \] on input line 2924.
) (/opt/local/share/texmf-texlive/tex/latex/base/latexsym.sty
Package: latexsym 1998/08/17 v2.2e Standard LaTeX package (lasy symbols)
\symlasy=\mathgroup4
LaTeX Font Info:    Overwriting symbol font `lasy' in version `bold'
(Font)                  U/lasy/m/n --> U/lasy/b/n on input line 52.
) (/opt/local/share/texmf-texlive/tex/latex/amsfonts/amsfonts.sty
Package: amsfonts 2013/01/14 v3.01 Basic AMSFonts support
\symAMSa=\mathgroup5
\symAMSb=\mathgroup6
LaTeX Font Info:    Redeclaring math symbol \hbar on input line 98.
LaTeX Font Info:    Overwriting math alphabet `\mathfrak' in version `bold'
(Font)                  U/euf/m/n --> U/euf/b/n on input line 106.
) (/opt/local/share/texmf-texlive/tex/latex/amsfonts/amssymb.sty
Package: amssymb 2013/01/14 v3.01 AMS font symbols
) (/opt/local/share/texmf-texlive/tex/latex/txfonts/txfonts.sty
Package: txfonts 2008/01/22 v3.2.1
LaTeX Font Info:    Redeclaring symbol font `operators' on input line 21.
LaTeX Font Info:    Overwriting symbol font `operators' in version `normal'
(Font)                  OT1/lmr/m/n --> OT1/txr/m/n on input line 21.
LaTeX Font Info:    Overwriting symbol font `operators' in version `bold'
(Font)                  OT1/lmr/bx/n --> OT1/txr/m/n on input line 21.
LaTeX Font Info:    Overwriting symbol font `operators' in version `bold'
(Font)                  OT1/txr/m/n --> OT1/txr/bx/n on input line 22.
\symitalic=\mathgroup7
LaTeX Font Info:    Overwriting symbol font `italic' in version `bold'
(Font)                  OT1/txr/m/it --> OT1/txr/bx/it on input line 26.
LaTeX Font Info:    Redeclaring math alphabet \mathbf on input line 29.
LaTeX Font Info:    Overwriting math alphabet `\mathbf' in version `normal'
(Font)                  OT1/lmr/bx/n --> OT1/txr/bx/n on input line 29.
LaTeX Font Info:    Overwriting math alphabet `\mathbf' in version `bold'
(Font)                  OT1/lmr/bx/n --> OT1/txr/bx/n on input line 29.
LaTeX Font Info:    Redeclaring math alphabet \mathit on input line 30.
LaTeX Font Info:    Overwriting math alphabet `\mathit' in version `normal'
(Font)                  OT1/lmr/m/it --> OT1/txr/m/it on input line 30.
LaTeX Font Info:    Overwriting math alphabet `\mathit' in version `bold'
(Font)                  OT1/lmr/bx/it --> OT1/txr/m/it on input line 30.
LaTeX Font Info:    Overwriting math alphabet `\mathit' in version `bold'
(Font)                  OT1/txr/m/it --> OT1/txr/bx/it on input line 31.
LaTeX Font Info:    Redeclaring math alphabet \mathsf on input line 40.
LaTeX Font Info:    Overwriting math alphabet `\mathsf' in version `normal'
(Font)                  OT1/lmss/m/n --> OT1/txss/m/n on input line 40.
LaTeX Font Info:    Overwriting math alphabet `\mathsf' in version `bold'
(Font)                  OT1/lmss/bx/n --> OT1/txss/m/n on input line 40.
LaTeX Font Info:    Overwriting math alphabet `\mathsf' in version `bold'
(Font)                  OT1/txss/m/n --> OT1/txss/b/n on input line 41.
LaTeX Font Info:    Redeclaring math alphabet \mathtt on input line 50.
LaTeX Font Info:    Overwriting math alphabet `\mathtt' in version `normal'
(Font)                  OT1/lmtt/m/n --> OT1/txtt/m/n on input line 50.
LaTeX Font Info:    Overwriting math alphabet `\mathtt' in version `bold'
(Font)                  OT1/lmtt/m/n --> OT1/txtt/m/n on input line 50.
LaTeX Font Info:    Overwriting math alphabet `\mathtt' in version `bold'
(Font)                  OT1/txtt/m/n --> OT1/txtt/b/n on input line 51.
LaTeX Font Info:    Redeclaring symbol font `letters' on input line 58.
LaTeX Font Info:    Overwriting symbol font `letters' in version `normal'
(Font)                  OML/lmm/m/it --> OML/txmi/m/it on input line 58.
LaTeX Font Info:    Overwriting symbol font `letters' in version `bold'
(Font)                  OML/lmm/b/it --> OML/txmi/m/it on input line 58.
LaTeX Font Info:    Overwriting symbol font `letters' in version `bold'
(Font)                  OML/txmi/m/it --> OML/txmi/bx/it on input line 59.
\symlettersA=\mathgroup8
LaTeX Font Info:    Overwriting symbol font `lettersA' in version `bold'
(Font)                  U/txmia/m/it --> U/txmia/bx/it on input line 67.
LaTeX Font Info:    Redeclaring math alphabet \mathfrak on input line 70.
LaTeX Font Info:    Redeclaring symbol font `symbols' on input line 77.
LaTeX Font Info:    Overwriting symbol font `symbols' in version `normal'
(Font)                  OMS/lmsy/m/n --> OMS/txsy/m/n on input line 77.
LaTeX Font Info:    Overwriting symbol font `symbols' in version `bold'
(Font)                  OMS/lmsy/b/n --> OMS/txsy/m/n on input line 77.
LaTeX Font Info:    Overwriting symbol font `symbols' in version `bold'
(Font)                  OMS/txsy/m/n --> OMS/txsy/bx/n on input line 78.
LaTeX Font Info:    Redeclaring symbol font `AMSa' on input line 93.
LaTeX Font Info:    Overwriting symbol font `AMSa' in version `normal'
(Font)                  U/msa/m/n --> U/txsya/m/n on input line 93.
LaTeX Font Info:    Overwriting symbol font `AMSa' in version `bold'
(Font)                  U/msa/m/n --> U/txsya/m/n on input line 93.
LaTeX Font Info:    Overwriting symbol font `AMSa' in version `bold'
(Font)                  U/txsya/m/n --> U/txsya/bx/n on input line 94.
LaTeX Font Info:    Redeclaring symbol font `AMSb' on input line 102.
LaTeX Font Info:    Overwriting symbol font `AMSb' in version `normal'
(Font)                  U/msb/m/n --> U/txsyb/m/n on input line 102.
LaTeX Font Info:    Overwriting symbol font `AMSb' in version `bold'
(Font)                  U/msb/m/n --> U/txsyb/m/n on input line 102.
LaTeX Font Info:    Overwriting symbol font `AMSb' in version `bold'
(Font)                  U/txsyb/m/n --> U/txsyb/bx/n on input line 103.
\symsymbolsC=\mathgroup9
LaTeX Font Info:    Overwriting symbol font `symbolsC' in version `bold'
(Font)                  U/txsyc/m/n --> U/txsyc/bx/n on input line 113.
LaTeX Font Info:    Redeclaring symbol font `largesymbols' on input line 120.
LaTeX Font Info:    Overwriting symbol font `largesymbols' in version `normal'
(Font)                  OMX/lmex/m/n --> OMX/txex/m/n on input line 120.
LaTeX Font Info:    Overwriting symbol font `largesymbols' in version `bold'
(Font)                  OMX/lmex/m/n --> OMX/txex/m/n on input line 120.
LaTeX Font Info:    Overwriting symbol font `largesymbols' in version `bold'
(Font)                  OMX/txex/m/n --> OMX/txex/bx/n on input line 121.
\symlargesymbolsA=\mathgroup10
LaTeX Font Info:    Overwriting symbol font `largesymbolsA' in version `bold'
(Font)                  U/txexa/m/n --> U/txexa/bx/n on input line 129.
LaTeX Font Info:    Redeclaring math symbol \mathsterling on input line 164.
LaTeX Info: Redefining \not on input line 1043.
) (/opt/local/share/texmf-texlive/tex/latex/wasysym/wasysym.sty
Package: wasysym 2020/01/19 v2.4 Wasy-2 symbol support package
\symwasy=\mathgroup11
LaTeX Font Info:    Overwriting symbol font `wasy' in version `bold'
(Font)                  U/wasy/m/n --> U/wasy/b/n on input line 93.
) (/opt/local/share/texmf-texlive/tex/latex/adjustbox/adjustbox.sty
Package: adjustbox 2020/08/19 v1.3 Adjusting TeX boxes (trim, clip, ...)
(/opt/local/share/texmf-texlive/tex/latex/xkeyval/xkeyval.sty
Package: xkeyval 2020/11/20 v2.8 package option processing (HA)
(/opt/local/share/texmf-texlive/tex/generic/xkeyval/xkeyval.tex (/opt/local/sha
re/texmf-texlive/tex/generic/xkeyval/xkvutils.tex
\XKV@toks=\toks24
\XKV@tempa@toks=\toks25
)
\XKV@depth=\count284
File: xkeyval.tex 2014/12/03 v2.7a key=value parser (HA)
)) (/opt/local/share/texmf-texlive/tex/latex/adjustbox/adjcalc.sty
Package: adjcalc 2012/05/16 v1.1 Provides advanced setlength with multiple back
-ends (calc, etex, pgfmath)
) (/opt/local/share/texmf-texlive/tex/latex/adjustbox/trimclip.sty
Package: trimclip 2020/08/19 v1.2 Trim and clip general TeX material
(/opt/local/share/texmf-texlive/tex/latex/collectbox/collectbox.sty
Package: collectbox 2012/05/17 v0.4b Collect macro arguments as boxes
\collectedbox=\box50
)
\tc@llx=\dimen163
\tc@lly=\dimen164
\tc@urx=\dimen165
\tc@ury=\dimen166
Package trimclip Info: Using driver 'tc-pdftex.def'.
(/opt/local/share/texmf-texlive/tex/latex/adjustbox/tc-pdftex.def
File: tc-pdftex.def 2019/01/04 v2.2 Clipping driver for pdftex
))
\adjbox@Width=\dimen167
\adjbox@Height=\dimen168
\adjbox@Depth=\dimen169
\adjbox@Totalheight=\dimen170
\adjbox@pwidth=\dimen171
\adjbox@pheight=\dimen172
\adjbox@pdepth=\dimen173
\adjbox@ptotalheight=\dimen174
(/opt/local/share/texmf-texlive/tex/latex/ifoddpage/ifoddpage.sty
Package: ifoddpage 2016/04/23 v1.1 Conditionals for odd/even page detection
\c@checkoddpage=\count285
) (/opt/local/share/texmf-texlive/tex/latex/varwidth/varwidth.sty
Package: varwidth 2009/03/30 ver 0.92;  Variable-width minipages
\@vwid@box=\box51
\sift@deathcycles=\count286
\@vwid@loff=\dimen175
\@vwid@roff=\dimen176
)) (/opt/local/share/texmf-texlive/tex/latex/ragged2e/ragged2e.sty
Package: ragged2e 2021/02/05 v3.0 ragged2e Package
(/opt/local/share/texmf-texlive/tex/latex/everysel/everysel.sty
Package: everysel 2021/01/20 v2.1 EverySelectfont Package (MS)
(/opt/local/share/texmf-texlive/tex/latex/everysel/everysel-2011-10-28.sty))
\CenteringLeftskip=\skip55
\RaggedLeftLeftskip=\skip56
\RaggedRightLeftskip=\skip57
\CenteringRightskip=\skip58
\RaggedLeftRightskip=\skip59
\RaggedRightRightskip=\skip60
\CenteringParfillskip=\skip61
\RaggedLeftParfillskip=\skip62
\RaggedRightParfillskip=\skip63
\JustifyingParfillskip=\skip64
\CenteringParindent=\skip65
\RaggedLeftParindent=\skip66
\RaggedRightParindent=\skip67
\JustifyingParindent=\skip68
) (/opt/local/share/texmf-texlive/tex/latex/tools/tabularx.sty
Package: tabularx 2020/01/15 v2.11c `tabularx' package (DPC)
(/opt/local/share/texmf-texlive/tex/latex/tools/array.sty
Package: array 2020/10/01 v2.5c Tabular extension package (FMi)
\col@sep=\dimen177
\ar@mcellbox=\box52
\extrarowheight=\dimen178
\NC@list=\toks26
\extratabsurround=\skip69
\backup@length=\skip70
\ar@cellbox=\box53
)
\TX@col@width=\dimen179
\TX@old@table=\dimen180
\TX@old@col=\dimen181
\TX@target=\dimen182
\TX@delta=\dimen183
\TX@cols=\count287
\TX@ftn=\toks27
) (/opt/local/share/texmf-texlive/tex/latex/tools/hhline.sty
Package: hhline 2020/01/04 v2.04 Table rule package (DPC)
) (/opt/local/share/texmf-texlive/tex/latex/float/float.sty
Package: float 2001/11/08 v1.3d Float enhancements (AL)
\c@float@type=\count288
\float@exts=\toks28
\float@box=\box54
\@float@everytoks=\toks29
\@floatcapt=\box55
) (/opt/local/share/texmf-texlive/tex/latex/multirow/multirow.sty
Package: multirow 2021/03/15 v2.8 Span multiple rows of a table
\multirow@colwidth=\skip71
\multirow@cntb=\count289
\multirow@dima=\skip72
\bigstrutjot=\dimen184
) (/opt/local/share/texmf-texlive/tex/latex/makecell/makecell.sty
Package: makecell 2009/08/03 V0.1e Managing of Tab Column Heads and Cells
\rotheadsize=\dimen185
\c@nlinenum=\count290
\TeXr@lab=\toks30
) (/opt/local/share/texmf-texlive/tex/latex/fancyhdr/fancyhdr.sty
Package: fancyhdr 2021/01/28 v4.0.1 Extensive control of page headers and foote
rs
\f@nch@headwidth=\skip73
\f@nch@O@elh=\skip74
\f@nch@O@erh=\skip75
\f@nch@O@olh=\skip76
\f@nch@O@orh=\skip77
\f@nch@O@elf=\skip78
\f@nch@O@erf=\skip79
\f@nch@O@olf=\skip80
\f@nch@O@orf=\skip81
) (/opt/local/share/texmf-texlive/tex/latex/base/fontenc.sty
Package: fontenc 2020/08/10 v2.0s Standard LaTeX package
LaTeX Font Info:    Trying to load font information for T1+txr on input line 11
2.
(/opt/local/share/texmf-texlive/tex/latex/txfonts/t1txr.fd
File: t1txr.fd 2000/12/15 v3.1
)) (/opt/local/share/texmf-texlive/tex/latex/geometry/geometry.sty
Package: geometry 2020/01/02 v5.9 Page Geometry
(/opt/local/share/texmf-texlive/tex/generic/iftex/ifvtex.sty
Package: ifvtex 2019/10/25 v1.7 ifvtex legacy package. Use iftex instead.
)
\Gm@cnth=\count291
\Gm@cntv=\count292
\c@Gm@tempcnt=\count293
\Gm@bindingoffset=\dimen186
\Gm@wd@mp=\dimen187
\Gm@odd@mp=\dimen188
\Gm@even@mp=\dimen189
\Gm@layoutwidth=\dimen190
\Gm@layoutheight=\dimen191
\Gm@layouthoffset=\dimen192
\Gm@layoutvoffset=\dimen193
\Gm@dimlist=\toks31
) (/opt/local/share/texmf-texlive/tex/latex/listings/listings.sty
\lst@mode=\count294
\lst@gtempboxa=\box56
\lst@token=\toks32
\lst@length=\count295
\lst@currlwidth=\dimen194
\lst@column=\count296
\lst@pos=\count297
\lst@lostspace=\dimen195
\lst@width=\dimen196
\lst@newlines=\count298
\lst@lineno=\count299
\lst@maxwidth=\dimen197
(/opt/local/share/texmf-texlive/tex/latex/listings/lstmisc.sty
File: lstmisc.sty 2020/03/24 1.8d (Carsten Heinz)
\c@lstnumber=\count300
\lst@skipnumbers=\count301
\lst@framebox=\box57
) (/opt/local/share/texmf-texlive/tex/latex/listings/listings.cfg
File: listings.cfg 2020/03/24 1.8d listings configuration
))
Package: listings 2020/03/24 1.8d (Carsten Heinz)
(/opt/local/share/texmf-texlive/tex/latex/listings/lstlang1.sty
File: lstlang1.sty 2020/03/24 1.8d listings language file
) (/opt/local/share/texmf-texlive/tex/latex/listings/lstmisc.sty
File: lstmisc.sty 2020/03/24 1.8d (Carsten Heinz)
) (/opt/local/share/texmf-texlive/tex/latex/l3backend/l3backend-pdftex.def
File: l3backend-pdftex.def 2021-03-18 L3 backend support: PDF output (pdfTeX)
\l__color_backend_stack_int=\count302
\l__pdf_internal_box=\box58
) (build/ttool_diplodocus_simulator.aux)
\openout1 = `ttool_diplodocus_simulator.aux'.

LaTeX Font Info:    Checking defaults for OML/txmi/m/it on input line 75.
LaTeX Font Info:    Trying to load font information for OML+txmi on input line 
75.
(/opt/local/share/texmf-texlive/tex/latex/txfonts/omltxmi.fd
File: omltxmi.fd 2000/12/15 v3.1
)
LaTeX Font Info:    ... okay on input line 75.
LaTeX Font Info:    Checking defaults for OMS/txsy/m/n on input line 75.
LaTeX Font Info:    Trying to load font information for OMS+txsy on input line 
75.
(/opt/local/share/texmf-texlive/tex/latex/txfonts/omstxsy.fd
File: omstxsy.fd 2000/12/15 v3.1
)
LaTeX Font Info:    ... okay on input line 75.
LaTeX Font Info:    Checking defaults for OT1/cmr/m/n on input line 75.
LaTeX Font Info:    ... okay on input line 75.
LaTeX Font Info:    Checking defaults for T1/cmr/m/n on input line 75.
LaTeX Font Info:    ... okay on input line 75.
LaTeX Font Info:    Checking defaults for TS1/cmr/m/n on input line 75.
LaTeX Font Info:    ... okay on input line 75.
LaTeX Font Info:    Checking defaults for OMX/txex/m/n on input line 75.
LaTeX Font Info:    Trying to load font information for OMX+txex on input line 
75.
(/opt/local/share/texmf-texlive/tex/latex/txfonts/omxtxex.fd
File: omxtxex.fd 2000/12/15 v3.1
)
LaTeX Font Info:    ... okay on input line 75.
LaTeX Font Info:    Checking defaults for U/txexa/m/n on input line 75.
LaTeX Font Info:    Trying to load font information for U+txexa on input line 7
5.
(/opt/local/share/texmf-texlive/tex/latex/txfonts/utxexa.fd
File: utxexa.fd 2000/12/15 v3.1
)
LaTeX Font Info:    ... okay on input line 75.
LaTeX Font Info:    Checking defaults for PD1/pdf/m/n on input line 75.
LaTeX Font Info:    ... okay on input line 75.
LaTeX Font Info:    Checking defaults for PU/pdf/m/n on input line 75.
LaTeX Font Info:    ... okay on input line 75.
LaTeX Info: Redefining \degres on input line 75.
LaTeX Info: Redefining \dots on input line 75.
LaTeX Info: Redefining \up on input line 75.
(/opt/local/share/texmf-texlive/tex/latex/tools/hhline.sty
Package: hhline 2020/01/04 v2.04 Table rule package (DPC)
) (/opt/local/share/texmf-texlive/tex/context/base/mkii/supp-pdf.mkii
[Loading MPS to PDF converter (version 2006.09.02).]
\scratchcounter=\count303
\scratchdimen=\dimen198
\scratchbox=\box59
\nofMPsegments=\count304
\nofMParguments=\count305
\everyMPshowfont=\toks33
\MPscratchCnt=\count306
\MPscratchDim=\dimen199
\MPnumerator=\count307
\makeMPintoPDFobject=\count308
\everyMPtoPDFconversion=\toks34
) (/opt/local/share/texmf-texlive/tex/latex/epstopdf-pkg/epstopdf-base.sty
Package: epstopdf-base 2020-01-24 v2.11 Base part for package epstopdf
Package epstopdf-base Info: Redefining graphics rule for `.eps' on input line 4
85.
(/opt/local/share/texmf-texlive/tex/latex/latexconfig/epstopdf-sys.cfg
File: epstopdf-sys.cfg 2010/07/13 v1.3 Configuration of (r)epstopdf for TeX Liv
e
))
Package hyperref Info: Link coloring OFF on input line 75.
(/opt/local/share/texmf-texlive/tex/latex/hyperref/nameref.sty
Package: nameref 2021-04-02 v2.47 Cross-referencing by name of section
(/opt/local/share/texmf-texlive/tex/latex/refcount/refcount.sty
Package: refcount 2019/12/15 v3.6 Data extraction from label references (HO)
) (/opt/local/share/texmf-texlive/tex/generic/gettitlestring/gettitlestring.sty
Package: gettitlestring 2019/12/15 v1.6 Cleanup title references (HO)
)
\c@section@level=\count309
)
LaTeX Info: Redefining \ref on input line 75.
LaTeX Info: Redefining \pageref on input line 75.
LaTeX Info: Redefining \nameref on input line 75.
(build/ttool_diplodocus_simulator.out) (build/ttool_diplodocus_simulator.out)
\@outlinefile=\write3
\openout3 = `ttool_diplodocus_simulator.out'.

ABD: EverySelectfont initializing macros
LaTeX Info: Redefining \selectfont on input line 75.
*geometry* driver: auto-detecting
*geometry* detected driver: pdftex
*geometry* verbose mode - [ preamble ] result:
* driver: pdftex
* paper: a4paper
* layout: <same size as paper>
* layoutoffset:(h,v)=(0.0pt,0.0pt)
* bindingoffset: 14.45377pt
* modes: 
* h-part:(L,W,R)=(72.26999pt, 438.51413pt, 72.26999pt)
* v-part:(T,H,B)=(56.9055pt, 702.78308pt, 85.35826pt)
* \paperwidth=597.50787pt
* \paperheight=845.04684pt
* \textwidth=438.51413pt
* \textheight=702.78308pt
* \oddsidemargin=14.45377pt
* \evensidemargin=0.0pt
* \topmargin=-86.49635pt
* \headheight=56.9055pt
* \headsep=14.22636pt
* \topskip=11.0pt
* \footskip=30.0pt
* \marginparwidth=50.0pt
* \marginparsep=10.0pt
* \columnsep=10.0pt
* \skip\footins=10.0pt plus 4.0pt minus 2.0pt
* \hoffset=0.0pt
* \voffset=0.0pt
* \mag=1000
* \@twocolumnfalse
* \@twosidefalse
* \@mparswitchfalse
* \@reversemarginfalse
* (1in=72.27pt=25.4mm, 1cm=28.453pt)

\c@lstlisting=\count310
LaTeX Font Info:    Trying to load font information for OT1+txr on input line 8
2.
(/opt/local/share/texmf-texlive/tex/latex/txfonts/ot1txr.fd
File: ot1txr.fd 2000/12/15 v3.1
)
LaTeX Font Info:    Trying to load font information for U+lasy on input line 82
.
(/opt/local/share/texmf-texlive/tex/latex/base/ulasy.fd
File: ulasy.fd 1998/08/17 v2.2e LaTeX symbol font definitions
)
LaTeX Font Info:    Trying to load font information for U+txsya on input line 8
2.
(/opt/local/share/texmf-texlive/tex/latex/txfonts/utxsya.fd
File: utxsya.fd 2000/12/15 v3.1
)
LaTeX Font Info:    Trying to load font information for U+txsyb on input line 8
2.
(/opt/local/share/texmf-texlive/tex/latex/txfonts/utxsyb.fd
File: utxsyb.fd 2000/12/15 v3.1
)
LaTeX Font Info:    Trying to load font information for U+txmia on input line 8
2.
(/opt/local/share/texmf-texlive/tex/latex/txfonts/utxmia.fd
File: utxmia.fd 2000/12/15 v3.1
)
LaTeX Font Info:    Trying to load font information for U+txsyc on input line 8
2.
(/opt/local/share/texmf-texlive/tex/latex/txfonts/utxsyc.fd
File: utxsyc.fd 2000/12/15 v3.1
)
LaTeX Font Info:    Trying to load font information for U+wasy on input line 82
.
(/opt/local/share/texmf-texlive/tex/latex/wasysym/uwasy.fd
File: uwasy.fd 2020/01/19 v2.4 Wasy-2 symbol font definitions
)
LaTeX Font Info:    Font shape `T1/txr/b/n' in size <12> not available
(Font)              Font shape `T1/txr/bx/n' tried instead on input line 91.
<images/tp.pdf, id=24, 164.71948pt x 259.32451pt>
File: images/tp.pdf Graphic file (type pdf)
<use images/tp.pdf>
Package pdftex.def Info: images/tp.pdf  used on input line 106.
(pdftex.def)             Requested size: 131.55557pt x 207.11166pt.
[1

{/opt/local/var/db/texmf/fonts/map/pdftex/updmap/pdftex.map} <./images/tp.pdf>]
LaTeX Font Info:    Font shape `T1/txr/b/n' in size <14.4> not available
(Font)              Font shape `T1/txr/bx/n' tried instead on input line 110.
(build/ttool_diplodocus_simulator.toc
LaTeX Font Info:    Font shape `T1/txr/b/n' in size <10.95> not available
(Font)              Font shape `T1/txr/bx/n' tried instead on input line 2.
)
\tf@toc=\write4
\openout4 = `ttool_diplodocus_simulator.toc'.

[2]
Underfull \hbox (badness 10000) in paragraph at lines 127--128
[]|\T1/txr/bx/n/12 Sections Mo-di-
 []


Underfull \hbox (badness 10000) in paragraph at lines 144--144
[]|\T1/txr/bx/n/12 Author or
 []

[3]
LaTeX Font Info:    Trying to load font information for T1+txtt on input line 1
79.
(/opt/local/share/texmf-texlive/tex/latex/txfonts/t1txtt.fd
File: t1txtt.fd 2000/12/15 v3.1
)
LaTeX Font Info:    Font shape `T1/txtt/b/n' in size <14.4> not available
(Font)              Font shape `T1/txtt/bx/n' tried instead on input line 181.
LaTeX Font Info:    Trying to load font information for TS1+txr on input line 1
83.
(/opt/local/share/texmf-texlive/tex/latex/txfonts/ts1txr.fd
File: ts1txr.fd 2000/12/15 v3.1
)
LaTeX Font Info:    Font shape `T1/txtt/b/n' in size <12> not available
(Font)              Font shape `T1/txtt/bx/n' tried instead on input line 183.
[4]
Underfull \hbox (badness 10000) in paragraph at lines 290--291
[] [][][][][][] \T1/txr/m/n/12 up-dates \T1/txtt/m/n/12 _nbToWrite \T1/txr/m/n/
12 and \T1/txtt/m/n/12 _writeTrans\T1/txr/m/n/12 . Then calls
 []


Underfull \hbox (badness 10000) in paragraph at lines 293--294
[] [][][][][][] \T1/txr/m/n/12 up-dates \T1/txtt/m/n/12 _nbToRead \T1/txr/m/n/1
2 and \T1/txtt/m/n/12 _readTrans\T1/txr/m/n/12 . Then calls
 []


Underfull \hbox (badness 10000) in paragraph at lines 296--297
[] [][][][][][] \T1/txr/m/n/12 up-dates \T1/txtt/m/n/12 _nbToRead \T1/txr/m/n/1
2 and \T1/txtt/m/n/12 _writeTrans\T1/txr/m/n/12 . Then calls
 []


Underfull \hbox (badness 1430) in paragraph at lines 299--301
[] [][][][][][] \T1/txr/m/n/12 cal-led af-ter \T1/txtt/m/n/12 testWrite\T1/txr/
m/n/12 , thus num-ber of samples is known and al-
 []


Underfull \hbox (badness 5161) in paragraph at lines 299--301
\T1/txr/m/n/12 (set its run-nable time). Re-set (to 0) \T1/txtt/m/n/12 _nbToRea
d \T1/txr/m/n/12 and \T1/txtt/m/n/12 _nbToWrite\T1/txr/m/n/12 , then calls
 []

[5]
Underfull \hbox (badness 10000) in paragraph at lines 310--311
[] [][][][][][] \T1/txr/m/n/12 si-mi-lar to
 []


Underfull \hbox (badness 10000) in paragraph at lines 330--332
[] [][][][][][] \T1/txtt/m/n/12 write \T1/txr/m/n/12 calls \T1/txtt/m/n/12 writ
e(this) \T1/txr/m/n/12 and re-sets
 []


Underfull \hbox (badness 6575) in paragraph at lines 348--350
\T1/txr/m/n/12 mand), \T1/txtt/m/n/12 _writeTrans\T1/txr/m/n/12 's vir-tual len
gth (fixed constant WAIT_SEND_VLEN) and
 []


Underfull \hbox (badness 1552) in paragraph at lines 352--354
[] [][][][][][] \T1/txr/m/n/12 Up-dates \T1/txtt/m/n/12 _readTrans\T1/txr/m/n/1
2 , \T1/txtt/m/n/12 _readTrans\T1/txr/m/n/12 's vir-tual length (fixed
 []


Underfull \hbox (badness 2781) in paragraph at lines 352--354
\T1/txr/m/n/12 constant WAIT_SEND_VLEN, if chan-nel not empty), \T1/txtt/m/n/12
 _readTrans\T1/txr/m/n/12 's chan-nel and
 []


Underfull \hbox (badness 10000) in paragraph at lines 369--371
[] [][][][][][] \T1/txr/m/n/12 si-mi-lar to
 []

[6]
Underfull \hbox (badness 1502) in paragraph at lines 422--423
\T1/txtt/m/n/12 _current-Transaction \T1/txr/m/n/12 al-ready exists (then re-tu
rns \T1/txtt/m/n/12 _currentTransaction\T1/txr/m/n/12 's
 []

[7] [8]
Underfull \hbox (badness 1688) in paragraph at lines 503--505
[] [][][][][][] \T1/txr/m/n/12 Si-mi-lar to \T1/txtt/m/n/12 TMLDelayCommand \T1
/txr/m/n/12 ex-cept that when
 []


Underfull \hbox (badness 10000) in paragraph at lines 521--522
[] [][][][][][] \T1/txr/m/n/12 Si-mi-lar to \T1/txtt/m/n/12 TMLDelayCommand\T1/
txr/m/n/12 , mo-reo-ver sets \T1/txtt/m/n/12 _resultVar \T1/txr/m/n/12 to
 []

[9]
Underfull \hbox (badness 10000) in paragraph at lines 563--565
[] [][][][][][] \T1/txr/m/n/12 Si-mi-lar to \T1/txtt/m/n/12 TMLReadCommand \T1/
txr/m/n/12 ex-cept that
 []


Underfull \hbox (badness 10000) in paragraph at lines 603--605
[] [][][][][][] \T1/txr/m/n/12 if \T1/txtt/m/n/12 _currTransaction \T1/txr/m/n/
12 is 0 then re-turns
 []


Underfull \hbox (badness 1337) in paragraph at lines 605--607
[] [][][][][][] \T1/txr/m/n/12 create a new \T1/txtt/m/n/12 _currTransaction \T
1/txr/m/n/12 with length :
 []

[10]
LaTeX Font Info:    Font shape `T1/txr/b/it' in size <12> not available
(Font)              Font shape `T1/txr/bx/it' tried instead on input line 607.

Underfull \hbox (badness 2181) in paragraph at lines 652--654
[] [][][][][][] \T1/txr/m/n/12 up-dates \T1/txtt/m/n/12 _nextTransaction\T1/txr
/m/n/12 (virtual length of new
 []

[11]
Underfull \hbox (badness 10000) in paragraph at lines 714--715
[] [][][][][][] \T1/txr/m/n/12 in \T1/txtt/m/n/12 _nextTransaction\T1/txr/m/n/1
2 , up-date start
 []


Underfull \hbox (badness 2035) in paragraph at lines 714--715
\T1/txr/m/n/12 time, length and pe-nal-ties (round to full cycles when re-qui-r
ed). In CPU, up-date
 []

[12] [13]
Underfull \hbox (badness 3460) in paragraph at lines 841--842
[] [][][][][][] \T1/txr/m/n/12 Dirty flag of the cur-rent sche-du-ling de-ci-si
on. Set by
 []

[14]
Underfull \hbox (badness 8075) in paragraph at lines 881--882
[] [][][][][][] \T1/txr/m/n/12 Flag in-di-ca-ting whe-ther
 []


Underfull \hbox (badness 10000) in paragraph at lines 890--891
[] [][][][][][] \T1/txr/m/n/12 re-turns true if \T1/txtt/m/n/12 _nextTransactio
n$\U/txsyc/m/n/12 ,$\T1/txr/m/n/12 0 and is the
 []


Underfull \hbox (badness 3179) in paragraph at lines 896--897
[] [][][][][][] \T1/txr/m/n/12 Add tran-sac-tion to \T1/txtt/m/n/12 _nextBus \T
1/txr/m/n/12 and set
 []

[15]
LaTeX Font Info:    Font shape `T1/txtt/m/it' in size <12> not available
(Font)              Font shape `T1/txtt/m/sl' tried instead on input line 931.

Underfull \hbox (badness 2990) in paragraph at lines 934--935
[]\T1/txr/m/n/12 Transaction (and \T1/txtt/m/n/12 CPU\T1/txr/m/n/12 ) is se-lec
-ted by si-mu-la-tor, af-ter ve-ri-fying that all
 []


Underfull \hbox (badness 2608) in paragraph at lines 934--935
\T1/txr/m/n/12 bus mas-ters un-til \T1/txtt/m/n/12 _masterNextTransaction \T1/t
xr/m/n/12 have been gran-ted. In-deed
 []

[16]

pdfTeX warning: /opt/local/bin/pdflatex (file ./images/simulate.pdf): PDF inclu
sion: found PDF version <1.7>, but at most version <1.5> allowed
<images/simulate.pdf, id=125, 147.55125pt x 203.76125pt>
File: images/simulate.pdf Graphic file (type pdf)
<use images/simulate.pdf>
Package pdftex.def Info: images/simulate.pdf  used on input line 946.
(pdftex.def)             Requested size: 170.71652pt x 235.75691pt.


pdfTeX warning: /opt/local/bin/pdflatex (file ./images/channelTrans.pdf): PDF i
nclusion: found PDF version <1.7>, but at most version <1.5> allowed
<images/channelTrans.pdf, id=126, 246.9225pt x 246.9225pt>
File: images/channelTrans.pdf Graphic file (type pdf)
<use images/channelTrans.pdf>
Package pdftex.def Info: images/channelTrans.pdf  used on input line 947.
(pdftex.def)             Requested size: 256.0748pt x 256.08875pt.

Overfull \hbox (21.78355pt too wide) in paragraph at lines 946--948
[][]  [] 
 []

[17 <./images/simulate.pdf> <./images/channelTrans.pdf>] (build/ttool_diplodocu
s_simulator.aux)
Package rerunfilecheck Info: File `ttool_diplodocus_simulator.out' has not chan
ged.
(rerunfilecheck)             Checksum: E0D03855A439827D416C77AA32016BC4;831.
 ) 
Here is how much of TeX's memory you used:
 16004 strings out of 480035
 229571 string characters out of 5879654
 730923 words of memory out of 5000000
 32932 multiletter control sequences out of 15000+600000
 458036 words of font info for 147 fonts, out of 8000000 for 9000
 475 hyphenation exceptions out of 8191
 71i,12n,74p,644b,608s stack positions out of 5000i,500n,10000p,200000b,80000s
{/opt/local/share/texmf-texlive/fonts/enc/dvips/base/8r.enc}</opt/local/share
/texmf-texlive/fonts/type1/public/txfonts/rtcxr.pfb></opt/local/share/texmf-tex
live/fonts/type1/public/txfonts/rtxmi.pfb></opt/local/share/texmf-texlive/fonts
/type1/public/txfonts/rtxr.pfb></opt/local/share/texmf-texlive/fonts/type1/publ
ic/txfonts/t1xbtt.pfb></opt/local/share/texmf-texlive/fonts/type1/public/txfont
s/t1xtt.pfb></opt/local/share/texmf-texlive/fonts/type1/public/txfonts/t1xtt.pf
b></opt/local/share/texmf-texlive/fonts/type1/public/txfonts/txsy.pfb></opt/loc
al/share/texmf-texlive/fonts/type1/public/txfonts/txsyc.pfb></opt/local/share/t
exmf-texlive/fonts/type1/urw/times/utmb8a.pfb></opt/local/share/texmf-texlive/f
onts/type1/urw/times/utmbi8a.pfb></opt/local/share/texmf-texlive/fonts/type1/ur
w/times/utmr8a.pfb>
Output written on build/ttool_diplodocus_simulator.pdf (17 pages, 139419 bytes)
.
PDF statistics:
 208 PDF objects out of 1000 (max. 8388607)
 167 compressed objects within 2 object streams
 41 named destinations out of 1000 (max. 500000)
 56 words of extra memory for PDF output out of 10000 (max. 10000000)

