This is pdfTeX, Version 3.141592653-2.6-1.40.24 (TeX Live 2022/MacPorts 2022.62882_2) (preloaded format=pdflatex 2023.4.30)  15 MAY 2023 09:04
entering extended mode
 restricted \write18 enabled.
 %&-line parsing enabled.
**Tutorial
(./Tutorial.tex
LaTeX2e <2021-11-15> patch level 1
L3 programming layer <2022-02-24> (./llncs.cls
Document Class: llncs 2013/09/27 v2.18 
 LaTeX document class for Lecture Notes in Computer Science
(/opt/local/share/texmf-texlive/tex/latex/base/article.cls
Document Class: article 2021/10/04 v1.4n Standard LaTeX document class
(/opt/local/share/texmf-texlive/tex/latex/base/size10.clo
File: size10.clo 2021/10/04 v1.4n Standard LaTeX file (size option)
)
\c@part=\count185
\c@section=\count186
\c@subsection=\count187
\c@subsubsection=\count188
\c@paragraph=\count189
\c@subparagraph=\count190
\c@figure=\count191
\c@table=\count192
\abovecaptionskip=\skip47
\belowcaptionskip=\skip48
\bibindent=\dimen138
) (/opt/local/share/texmf-texlive/tex/latex/tools/multicol.sty
Package: multicol 2021/10/28 v1.9b multicolumn formatting (FMi)
\c@tracingmulticols=\count193
\mult@box=\box50
\multicol@leftmargin=\dimen139
\c@unbalance=\count194
\c@collectmore=\count195
\doublecol@number=\count196
\multicoltolerance=\count197
\multicolpretolerance=\count198
\full@width=\dimen140
\page@free=\dimen141
\premulticols=\dimen142
\postmulticols=\dimen143
\multicolsep=\skip49
\multicolbaselineskip=\skip50
\partial@page=\box51
\last@line=\box52
\maxbalancingoverflow=\dimen144
\mult@rightbox=\box53
\mult@grightbox=\box54
\mult@firstbox=\box55
\mult@gfirstbox=\box56
\@tempa=\box57
\@tempa=\box58
\@tempa=\box59
\@tempa=\box60
\@tempa=\box61
\@tempa=\box62
\@tempa=\box63
\@tempa=\box64
\@tempa=\box65
\@tempa=\box66
\@tempa=\box67
\@tempa=\box68
\@tempa=\box69
\@tempa=\box70
\@tempa=\box71
\@tempa=\box72
\@tempa=\box73
\@tempa=\box74
\@tempa=\box75
\@tempa=\box76
\@tempa=\box77
\@tempa=\box78
\@tempa=\box79
\@tempa=\box80
\@tempa=\box81
\@tempa=\box82
\@tempa=\box83
\@tempa=\box84
\@tempa=\box85
\@tempa=\box86
\@tempa=\box87
\@tempa=\box88
\@tempa=\box89
\@tempa=\box90
\@tempa=\box91
\@tempa=\box92
\c@minrows=\count199
\c@columnbadness=\count266
\c@finalcolumnbadness=\count267
\last@try=\dimen145
\multicolovershoot=\dimen146
\multicolundershoot=\dimen147
\mult@nat@firstbox=\box93
\colbreak@box=\box94
\mc@col@check@num=\count268
) (/opt/local/share/texmf-texlive/tex/latex/oberdiek/aliascnt.sty
Package: aliascnt 2018/09/07 v1.5 Alias counters (HO)
)
\c@chapter=\count269
LaTeX Font Info:    Redeclaring math symbol \Gamma on input line 362.
LaTeX Font Info:    Redeclaring math symbol \Delta on input line 363.
LaTeX Font Info:    Redeclaring math symbol \Theta on input line 364.
LaTeX Font Info:    Redeclaring math symbol \Lambda on input line 365.
LaTeX Font Info:    Redeclaring math symbol \Xi on input line 366.
LaTeX Font Info:    Redeclaring math symbol \Pi on input line 367.
LaTeX Font Info:    Redeclaring math symbol \Sigma on input line 368.
LaTeX Font Info:    Redeclaring math symbol \Upsilon on input line 369.
LaTeX Font Info:    Redeclaring math symbol \Phi on input line 370.
LaTeX Font Info:    Redeclaring math symbol \Psi on input line 371.
LaTeX Font Info:    Redeclaring math symbol \Omega on input line 372.
\tocchpnum=\dimen148
\tocsecnum=\dimen149
\tocsectotal=\dimen150
\tocsubsecnum=\dimen151
\tocsubsectotal=\dimen152
\tocsubsubsecnum=\dimen153
\tocsubsubsectotal=\dimen154
\tocparanum=\dimen155
\tocparatotal=\dimen156
\tocsubparanum=\dimen157
\@tempcntc=\count270
\fnindent=\dimen158
\c@@inst=\count271
\c@@auth=\count272
\c@auco=\count273
\instindent=\dimen159
\authrun=\box95
\authorrunning=\toks16
\tocauthor=\toks17
\titrun=\box96
\titlerunning=\toks18
\toctitle=\toks19
\c@theorem=\count274
\c@case=\count275
\c@conjecture=\count276
\c@corollary=\count277
\c@definition=\count278
\c@example=\count279
\c@exercise=\count280
\c@lemma=\count281
\c@note=\count282
\c@problem=\count283
\c@property=\count284
\c@proposition=\count285
\c@question=\count286
\c@solution=\count287
\c@remark=\count288
\headlineindent=\dimen160
) (/opt/local/share/texmf-texlive/tex/latex/geometry/geometry.sty
Package: geometry 2020/01/02 v5.9 Page Geometry
(/opt/local/share/texmf-texlive/tex/latex/graphics/keyval.sty
Package: keyval 2014/10/28 v1.15 key=value parser (DPC)
\KV@toks@=\toks20
) (/opt/local/share/texmf-texlive/tex/generic/iftex/ifvtex.sty
Package: ifvtex 2019/10/25 v1.7 ifvtex legacy package. Use iftex instead.
(/opt/local/share/texmf-texlive/tex/generic/iftex/iftex.sty
Package: iftex 2022/02/03 v1.0f TeX engine tests
))
\Gm@cnth=\count289
\Gm@cntv=\count290
\c@Gm@tempcnt=\count291
\Gm@bindingoffset=\dimen161
\Gm@wd@mp=\dimen162
\Gm@odd@mp=\dimen163
\Gm@even@mp=\dimen164
\Gm@layoutwidth=\dimen165
\Gm@layoutheight=\dimen166
\Gm@layouthoffset=\dimen167
\Gm@layoutvoffset=\dimen168
\Gm@dimlist=\toks21
) (/opt/local/share/texmf-texlive/tex/latex/graphics/graphicx.sty
Package: graphicx 2021/09/16 v1.2d Enhanced LaTeX Graphics (DPC,SPQR)
(/opt/local/share/texmf-texlive/tex/latex/graphics/graphics.sty
Package: graphics 2021/03/04 v1.4d Standard LaTeX Graphics (DPC,SPQR)
(/opt/local/share/texmf-texlive/tex/latex/graphics/trig.sty
Package: trig 2021/08/11 v1.11 sin cos tan (DPC)
) (/opt/local/share/texmf-texlive/tex/latex/graphics-cfg/graphics.cfg
File: graphics.cfg 2016/06/04 v1.11 sample graphics configuration
)
Package graphics Info: Driver file: pdftex.def on input line 107.
(/opt/local/share/texmf-texlive/tex/latex/graphics-def/pdftex.def
File: pdftex.def 2020/10/05 v1.2a Graphics/color driver for pdftex
))
\Gin@req@height=\dimen169
\Gin@req@width=\dimen170
) (/opt/local/share/texmf-texlive/tex/latex/graphics/color.sty
Package: color 2021/12/07 v1.3c Standard LaTeX Color (DPC)
(/opt/local/share/texmf-texlive/tex/latex/graphics-cfg/color.cfg
File: color.cfg 2016/01/02 v1.6 sample color configuration
)
Package color Info: Driver file: pdftex.def on input line 149.
) (/opt/local/share/texmf-texlive/tex/latex/graphics/lscape.sty
Package: lscape 2020/05/28 v3.02 Landscape Pages (DPC)
) (/opt/local/share/texmf-texlive/tex/latex/listings/listings.sty
\lst@mode=\count292
\lst@gtempboxa=\box97
\lst@token=\toks22
\lst@length=\count293
\lst@currlwidth=\dimen171
\lst@column=\count294
\lst@pos=\count295
\lst@lostspace=\dimen172
\lst@width=\dimen173
\lst@newlines=\count296
\lst@lineno=\count297
\lst@maxwidth=\dimen174
(/opt/local/share/texmf-texlive/tex/latex/listings/lstmisc.sty
File: lstmisc.sty 2020/03/24 1.8d (Carsten Heinz)
\c@lstnumber=\count298
\lst@skipnumbers=\count299
\lst@framebox=\box98
) (/opt/local/share/texmf-texlive/tex/latex/listings/listings.cfg
File: listings.cfg 2020/03/24 1.8d listings configuration
))
Package: listings 2020/03/24 1.8d (Carsten Heinz)
(/opt/local/share/texmf-texlive/tex/generic/soul/soul.sty
Package: soul 2003/11/17 v2.4 letterspacing/underlining (mf)
\SOUL@word=\toks23
\SOUL@lasttoken=\toks24
\SOUL@cmds=\toks25
\SOUL@buffer=\toks26
\SOUL@token=\toks27
\SOUL@spaceskip=\skip51
\SOUL@ttwidth=\dimen175
\SOUL@uldp=\dimen176
\SOUL@ulht=\dimen177
) (/opt/local/share/texmf-texlive/tex/latex/tools/array.sty
Package: array 2021/10/04 v2.5f Tabular extension package (FMi)
\col@sep=\dimen178
\ar@mcellbox=\box99
\extrarowheight=\dimen179
\NC@list=\toks28
\extratabsurround=\skip52
\backup@length=\skip53
\ar@cellbox=\box100
) (/opt/local/share/texmf-texlive/tex/latex/graphics/rotating.sty
Package: rotating 2016/08/11 v2.16d rotated objects in LaTeX
(/opt/local/share/texmf-texlive/tex/latex/base/ifthen.sty
Package: ifthen 2020/11/24 v1.1c Standard LaTeX ifthen package (DPC)
)
\c@r@tfl@t=\count300
\rotFPtop=\skip54
\rotFPbot=\skip55
\rot@float@box=\box101
\rot@mess@toks=\toks29
) (/opt/local/share/texmf-texlive/tex/latex/amsmath/amsmath.sty
Package: amsmath 2021/10/15 v2.17l AMS math features
\@mathmargin=\skip56
For additional information on amsmath, use the `?' option.
(/opt/local/share/texmf-texlive/tex/latex/amsmath/amstext.sty
Package: amstext 2021/08/26 v2.01 AMS text
(/opt/local/share/texmf-texlive/tex/latex/amsmath/amsgen.sty
File: amsgen.sty 1999/11/30 v2.0 generic functions
\@emptytoks=\toks30
\ex@=\dimen180
)) (/opt/local/share/texmf-texlive/tex/latex/amsmath/amsbsy.sty
Package: amsbsy 1999/11/29 v1.2d Bold Symbols
\pmbraise@=\dimen181
) (/opt/local/share/texmf-texlive/tex/latex/amsmath/amsopn.sty
Package: amsopn 2021/08/26 v2.02 operator names
)
\inf@bad=\count301
LaTeX Info: Redefining \frac on input line 234.
\uproot@=\count302
\leftroot@=\count303
LaTeX Info: Redefining \overline on input line 399.
\classnum@=\count304
\DOTSCASE@=\count305
LaTeX Info: Redefining \ldots on input line 496.
LaTeX Info: Redefining \dots on input line 499.
LaTeX Info: Redefining \cdots on input line 620.
\Mathstrutbox@=\box102
\strutbox@=\box103
\big@size=\dimen182
LaTeX Font Info:    Redeclaring font encoding OML on input line 743.
LaTeX Font Info:    Redeclaring font encoding OMS on input line 744.
\macc@depth=\count306
\c@MaxMatrixCols=\count307
\dotsspace@=\muskip16
\c@parentequation=\count308
\dspbrk@lvl=\count309
\tag@help=\toks31
\row@=\count310
\column@=\count311
\maxfields@=\count312
\andhelp@=\toks32
\eqnshift@=\dimen183
\alignsep@=\dimen184
\tagshift@=\dimen185
\tagwidth@=\dimen186
\totwidth@=\dimen187
\lineht@=\dimen188
\@envbody=\toks33
\multlinegap=\skip57
\multlinetaggap=\skip58
\mathdisplay@stack=\toks34
LaTeX Info: Redefining \[ on input line 2938.
LaTeX Info: Redefining \] on input line 2939.
) (/opt/local/share/texmf-texlive/tex/latex/multirow/multirow.sty
Package: multirow 2021/03/15 v2.8 Span multiple rows of a table
\multirow@colwidth=\skip59
\multirow@cntb=\count313
\multirow@dima=\skip60
\bigstrutjot=\dimen189
) (/opt/local/share/texmf-texlive/tex/latex/base/fixltx2e.sty
Package: fixltx2e 2016/12/29 v2.1a fixes to LaTeX (obsolete)
Applying: [2015/01/01] Old fixltx2e package on input line 46.

Package fixltx2e Warning: fixltx2e is not required with releases after 2015
(fixltx2e)                All fixes are now in the LaTeX kernel.
(fixltx2e)                See the latexrelease package for details.

Already applied: [0000/00/00] Old fixltx2e package on input line 53.
) (/opt/local/share/texmf-texlive/tex/latex/xcolor/xcolor.sty
Package: xcolor 2021/10/31 v2.13 LaTeX color extensions (UK)
(/opt/local/share/texmf-texlive/tex/latex/graphics-cfg/color.cfg
File: color.cfg 2016/01/02 v1.6 sample color configuration
)
Package xcolor Info: Driver file: pdftex.def on input line 227.
(/opt/local/share/texmf-texlive/tex/latex/colortbl/colortbl.sty
Package: colortbl 2020/01/04 v1.0e Color table columns (DPC)
\everycr=\toks35
\minrowclearance=\skip61
)
LaTeX Info: Redefining \color on input line 711.
\rownum=\count314
Package xcolor Info: Model `cmy' substituted by `cmy0' on input line 1352.
Package xcolor Info: Model `hsb' substituted by `rgb' on input line 1356.
Package xcolor Info: Model `RGB' extended on input line 1368.
Package xcolor Info: Model `HTML' substituted by `rgb' on input line 1370.
Package xcolor Info: Model `Hsb' substituted by `hsb' on input line 1371.
Package xcolor Info: Model `tHsb' substituted by `hsb' on input line 1372.
Package xcolor Info: Model `HSB' substituted by `hsb' on input line 1373.
Package xcolor Info: Model `Gray' substituted by `gray' on input line 1374.
Package xcolor Info: Model `wave' substituted by `hsb' on input line 1375.
) (/opt/local/share/texmf-texlive/tex/latex/appendix/appendix.sty
Package: appendix 2020/02/08 v1.2c extra appendix facilities
\c@@pps=\count315
\c@@ppsavesec=\count316
\c@@ppsaveapp=\count317
) (/opt/local/share/texmf-texlive/tex/latex/algorithms/algorithm.sty
Package: algorithm 2009/08/24 v0.1 Document Style `algorithm' - floating enviro
nment
(/opt/local/share/texmf-texlive/tex/latex/float/float.sty
Package: float 2001/11/08 v1.3d Float enhancements (AL)
\c@float@type=\count318
\float@exts=\toks36
\float@box=\box104
\@float@everytoks=\toks37
\@floatcapt=\box105
)
\@float@every@algorithm=\toks38
\c@algorithm=\count319
) (/opt/local/share/texmf-texlive/tex/latex/base/makeidx.sty
Package: makeidx 2021/10/04 v1.0m Standard LaTeX package
) (/opt/local/share/texmf-texlive/tex/latex/tablefootnote/tablefootnote.sty
Package: tablefootnote 2014/01/26 v1.1c Table foot notes (HMM)
(/opt/local/share/texmf-texlive/tex/generic/ltxcmds/ltxcmds.sty
Package: ltxcmds 2020-05-10 v1.25 LaTeX kernel commands for general use (HO)
) (/opt/local/share/texmf-texlive/tex/latex/letltxmacro/letltxmacro.sty
Package: letltxmacro 2019/12/03 v1.6 Let assignment for LaTeX macros (HO)
) (/opt/local/share/texmf-texlive/tex/latex/xifthen/xifthen.sty
Package: xifthen 2015/11/05 v1.4.0 Extended ifthen features
(/opt/local/share/texmf-texlive/tex/latex/tools/calc.sty
Package: calc 2017/05/25 v4.3 Infix arithmetic (KKT,FJ)
\calc@Acount=\count320
\calc@Bcount=\count321
\calc@Adimen=\dimen190
\calc@Bdimen=\dimen191
\calc@Askip=\skip62
\calc@Bskip=\skip63
LaTeX Info: Redefining \setlength on input line 80.
LaTeX Info: Redefining \addtolength on input line 81.
\calc@Ccount=\count322
\calc@Cskip=\skip64
) (/opt/local/share/texmf-texlive/tex/latex/ifmtarg/ifmtarg.sty
Package: ifmtarg 2018/04/16 v1.2b check for an empty argument
)) (/opt/local/share/texmf-texlive/tex/latex/etoolbox/etoolbox.sty
Package: etoolbox 2020/10/05 v2.5k e-TeX tools for LaTeX (JAW)
\etb@tempcnta=\count323
)) (/opt/local/share/texmf-texlive/tex/latex/hyperref/hyperref.sty
Package: hyperref 2022-02-21 v7.00n Hypertext links for LaTeX
(/opt/local/share/texmf-texlive/tex/generic/pdftexcmds/pdftexcmds.sty
Package: pdftexcmds 2020-06-27 v0.33 Utility functions of pdfTeX for LuaTeX (HO
)
(/opt/local/share/texmf-texlive/tex/generic/infwarerr/infwarerr.sty
Package: infwarerr 2019/12/03 v1.5 Providing info/warning/error messages (HO)
)
Package pdftexcmds Info: \pdf@primitive is available.
Package pdftexcmds Info: \pdf@ifprimitive is available.
Package pdftexcmds Info: \pdfdraftmode found.
) (/opt/local/share/texmf-texlive/tex/generic/kvsetkeys/kvsetkeys.sty
Package: kvsetkeys 2019/12/15 v1.18 Key value parser (HO)
) (/opt/local/share/texmf-texlive/tex/generic/kvdefinekeys/kvdefinekeys.sty
Package: kvdefinekeys 2019-12-19 v1.6 Define keys (HO)
) (/opt/local/share/texmf-texlive/tex/generic/pdfescape/pdfescape.sty
Package: pdfescape 2019/12/09 v1.15 Implements pdfTeX's escape features (HO)
) (/opt/local/share/texmf-texlive/tex/latex/hycolor/hycolor.sty
Package: hycolor 2020-01-27 v1.10 Color options for hyperref/bookmark (HO)
) (/opt/local/share/texmf-texlive/tex/latex/auxhook/auxhook.sty
Package: auxhook 2019-12-17 v1.6 Hooks for auxiliary files (HO)
) (/opt/local/share/texmf-texlive/tex/latex/kvoptions/kvoptions.sty
Package: kvoptions 2020-10-07 v3.14 Key value format for package options (HO)
)
\@linkdim=\dimen192
\Hy@linkcounter=\count324
\Hy@pagecounter=\count325
(/opt/local/share/texmf-texlive/tex/latex/hyperref/pd1enc.def
File: pd1enc.def 2022-02-21 v7.00n Hyperref: PDFDocEncoding definition (HO)
Now handling font encoding PD1 ...
... no UTF-8 mapping file for font encoding PD1
) (/opt/local/share/texmf-texlive/tex/generic/intcalc/intcalc.sty
Package: intcalc 2019/12/15 v1.3 Expandable calculations with integers (HO)
) (/opt/local/share/texmf-texlive/tex/generic/etexcmds/etexcmds.sty
Package: etexcmds 2019/12/15 v1.7 Avoid name clashes with e-TeX commands (HO)
)
\Hy@SavedSpaceFactor=\count326
(/opt/local/share/texmf-texlive/tex/latex/hyperref/puenc.def
File: puenc.def 2022-02-21 v7.00n Hyperref: PDF Unicode definition (HO)
Now handling font encoding PU ...
... no UTF-8 mapping file for font encoding PU
)
Package hyperref Info: Hyper figures OFF on input line 4137.
Package hyperref Info: Link nesting OFF on input line 4142.
Package hyperref Info: Hyper index ON on input line 4145.
Package hyperref Info: Plain pages OFF on input line 4152.
Package hyperref Info: Backreferencing OFF on input line 4157.
Package hyperref Info: Implicit mode ON; LaTeX internals redefined.
Package hyperref Info: Bookmarks ON on input line 4390.
\c@Hy@tempcnt=\count327
(/opt/local/share/texmf-texlive/tex/latex/url/url.sty
\Urlmuskip=\muskip17
Package: url 2013/09/16  ver 3.4  Verb mode for urls, etc.
)
LaTeX Info: Redefining \url on input line 4749.
\XeTeXLinkMargin=\dimen193
(/opt/local/share/texmf-texlive/tex/generic/bitset/bitset.sty
Package: bitset 2019/12/09 v1.3 Handle bit-vector datatype (HO)
(/opt/local/share/texmf-texlive/tex/generic/bigintcalc/bigintcalc.sty
Package: bigintcalc 2019/12/15 v1.5 Expandable calculations on big integers (HO
)
))
\Fld@menulength=\count328
\Field@Width=\dimen194
\Fld@charsize=\dimen195
Package hyperref Info: Hyper figures OFF on input line 6027.
Package hyperref Info: Link nesting OFF on input line 6032.
Package hyperref Info: Hyper index ON on input line 6035.
Package hyperref Info: backreferencing OFF on input line 6042.
Package hyperref Info: Link coloring OFF on input line 6047.
Package hyperref Info: Link coloring with OCG OFF on input line 6052.
Package hyperref Info: PDF/A mode OFF on input line 6057.
LaTeX Info: Redefining \ref on input line 6097.
LaTeX Info: Redefining \pageref on input line 6101.
(/opt/local/share/texmf-texlive/tex/latex/base/atbegshi-ltx.sty
Package: atbegshi-ltx 2021/01/10 v1.0c Emulation of the original atbegshi
package with kernel methods
)
\Hy@abspage=\count329
\c@Item=\count330
\c@Hfootnote=\count331
)
Package hyperref Info: Driver (autodetected): hpdftex.
(/opt/local/share/texmf-texlive/tex/latex/hyperref/hpdftex.def
File: hpdftex.def 2022-02-21 v7.00n Hyperref driver for pdfTeX
(/opt/local/share/texmf-texlive/tex/latex/base/atveryend-ltx.sty
Package: atveryend-ltx 2020/08/19 v1.0a Emulation of the original atveryend pac
kage
with kernel methods
)
\Fld@listcount=\count332
\c@bookmark@seq@number=\count333
(/opt/local/share/texmf-texlive/tex/latex/rerunfilecheck/rerunfilecheck.sty
Package: rerunfilecheck 2019/12/05 v1.9 Rerun checks for auxiliary files (HO)
(/opt/local/share/texmf-texlive/tex/generic/uniquecounter/uniquecounter.sty
Package: uniquecounter 2019/12/15 v1.4 Provide unlimited unique counter (HO)
)
Package uniquecounter Info: New unique counter `rerunfilecheck' on input line 2
86.
)
\Hy@SectionHShift=\skip65
)
Package hyperref Info: Option `colorlinks' set `true' on input line 38.
(/opt/local/share/texmf-texlive/tex/latex/l3backend/l3backend-pdftex.def
File: l3backend-pdftex.def 2022-02-07 L3 backend support: PDF output (pdfTeX)
\l__color_backend_stack_int=\count334
\l__pdf_internal_box=\box106
) (build/Tutorial.aux)
\openout1 = `Tutorial.aux'.

LaTeX Font Info:    Checking defaults for OML/cmm/m/it on input line 74.
LaTeX Font Info:    ... okay on input line 74.
LaTeX Font Info:    Checking defaults for OMS/cmsy/m/n on input line 74.
LaTeX Font Info:    ... okay on input line 74.
LaTeX Font Info:    Checking defaults for OT1/cmr/m/n on input line 74.
LaTeX Font Info:    ... okay on input line 74.
LaTeX Font Info:    Checking defaults for T1/cmr/m/n on input line 74.
LaTeX Font Info:    ... okay on input line 74.
LaTeX Font Info:    Checking defaults for TS1/cmr/m/n on input line 74.
LaTeX Font Info:    ... okay on input line 74.
LaTeX Font Info:    Checking defaults for OMX/cmex/m/n on input line 74.
LaTeX Font Info:    ... okay on input line 74.
LaTeX Font Info:    Checking defaults for U/cmr/m/n on input line 74.
LaTeX Font Info:    ... okay on input line 74.
LaTeX Font Info:    Checking defaults for PD1/pdf/m/n on input line 74.
LaTeX Font Info:    ... okay on input line 74.
LaTeX Font Info:    Checking defaults for PU/pdf/m/n on input line 74.
LaTeX Font Info:    ... okay on input line 74.
*geometry* driver: auto-detecting
*geometry* detected driver: pdftex
*geometry* verbose mode - [ preamble ] result:
* driver: pdftex
* paper: a4paper
* layout: <same size as paper>
* layoutoffset:(h,v)=(0.0pt,0.0pt)
* hratio: 1:1
* vratio: 2:3
* modes: twoside heightrounded 
* h-part:(L,W,R)=(42.67914pt, 512.1496pt, 42.67914pt)
* v-part:(T,H,B)=(64.87228pt, 682.86613pt, 97.30843pt)
* \paperwidth=597.50787pt
* \paperheight=845.04684pt
* \textwidth=512.1496pt
* \textheight=682.0pt
* \oddsidemargin=-29.59085pt
* \evensidemargin=-29.59085pt
* \topmargin=-35.3977pt
* \headheight=12.0pt
* \headsep=16.0pt
* \topskip=10.0pt
* \footskip=30.0pt
* \marginparwidth=90.0pt
* \marginparsep=11.0pt
* \columnsep=10.0pt
* \skip\footins=9.0pt plus 4.0pt minus 2.0pt
* \hoffset=0.0pt
* \voffset=0.0pt
* \mag=1000
* \@twocolumnfalse
* \@twosidetrue
* \@mparswitchtrue
* \@reversemarginfalse
* (1in=72.27pt=25.4mm, 1cm=28.453pt)

(/opt/local/share/texmf-texlive/tex/context/base/mkii/supp-pdf.mkii
[Loading MPS to PDF converter (version 2006.09.02).]
\scratchcounter=\count335
\scratchdimen=\dimen196
\scratchbox=\box107
\nofMPsegments=\count336
\nofMParguments=\count337
\everyMPshowfont=\toks39
\MPscratchCnt=\count338
\MPscratchDim=\dimen197
\MPnumerator=\count339
\makeMPintoPDFobject=\count340
\everyMPtoPDFconversion=\toks40
) (/opt/local/share/texmf-texlive/tex/latex/epstopdf-pkg/epstopdf-base.sty
Package: epstopdf-base 2020-01-24 v2.11 Base part for package epstopdf
Package epstopdf-base Info: Redefining graphics rule for `.eps' on input line 4
85.
(/opt/local/share/texmf-texlive/tex/latex/latexconfig/epstopdf-sys.cfg
File: epstopdf-sys.cfg 2010/07/13 v1.3 Configuration of (r)epstopdf for TeX Liv
e
))
\c@lstlisting=\count341
Package hyperref Info: Link coloring ON on input line 74.
(/opt/local/share/texmf-texlive/tex/latex/hyperref/nameref.sty
Package: nameref 2021-04-02 v2.47 Cross-referencing by name of section
(/opt/local/share/texmf-texlive/tex/latex/refcount/refcount.sty
Package: refcount 2019/12/15 v3.6 Data extraction from label references (HO)
) (/opt/local/share/texmf-texlive/tex/generic/gettitlestring/gettitlestring.sty
Package: gettitlestring 2019/12/15 v1.6 Cleanup title references (HO)
)
\c@section@level=\count342
)
LaTeX Info: Redefining \ref on input line 74.
LaTeX Info: Redefining \pageref on input line 74.
LaTeX Info: Redefining \nameref on input line 74.
(build/Tutorial.out) (build/Tutorial.out)
\@outlinefile=\write3
\openout3 = `Tutorial.out'.

LaTeX Font Info:    Trying to load font information for OMS+cmtt on input line 
77.
LaTeX Font Info:    No file OMScmtt.fd. on input line 77.

LaTeX Font Warning: Font shape `OMS/cmtt/m/n' undefined
(Font)              using `OMS/cmsy/m/n' instead
(Font)              for symbol `textbraceleft' on input line 77.

<./figures/TTool.png, id=205, 760.8425pt x 469.755pt>
File: ./figures/TTool.png Graphic file (type png)
<use ./figures/TTool.png>
Package pdftex.def Info: ./figures/TTool.png  used on input line 95.
(pdftex.def)             Requested size: 358.50314pt x 221.35114pt.
[1

{/opt/local/var/db/texmf/fonts/map/pdftex/updmap/pdftex.map} <./figures/TTool.p
ng>] (build/Tutorial.toc
Overfull \hbox (0.27782pt too wide) detected at line 46
\OT1/cmr/m/n/10 1.A 
 []

)
\tf@toc=\write4
\openout4 = `Tutorial.toc'.

[2

] [3]
<./figures/ApproachY.pdf, id=337, 1259.70625pt x 648.4225pt>
File: ./figures/ApproachY.pdf Graphic file (type pdf)
<use ./figures/ApproachY.pdf>
Package pdftex.def Info: ./figures/ApproachY.pdf  used on input line 147.
(pdftex.def)             Requested size: 281.68384pt x 144.9884pt.
[4 <./figures/ApproachY.pdf>]
<figures/applicationModel.pdf, id=364, 1043.9pt x 3003.22pt>
File: figures/applicationModel.pdf Graphic file (type pdf)
<use figures/applicationModel.pdf>
Package pdftex.def Info: figures/applicationModel.pdf  used on input line 168.
(pdftex.def)             Requested size: 1043.89745pt x 3003.21272pt.

Underfull \hbox (badness 10000) in paragraph at lines 168--171
[][]
 []

[5 <./figures/applicationModel.pdf>] [6]
<figures/TToolSWArch.pdf, id=448, 1543.53677pt x 1084.05pt>
File: figures/TToolSWArch.pdf Graphic file (type pdf)
<use figures/TToolSWArch.pdf>
Package pdftex.def Info: figures/TToolSWArch.pdf  used on input line 247.
(pdftex.def)             Requested size: 289.07999pt x 203.01076pt.
[7 <./figures/TToolSWArch.pdf>]
Underfull \hbox (badness 10000) in paragraph at lines 258--265

 []


Underfull \hbox (badness 10000) in paragraph at lines 266--270

 []


Overfull \hbox (7.76796pt too wide) in paragraph at lines 271--278
\OT1/cmr/m/n/10 from the web-site and a ver-sion of TTool in-side a Vir-tual Ma
-chine is also avail-able upon re-quest to [][]ludovic.aprille@telecom-
 []


Underfull \hbox (badness 10000) in paragraph at lines 271--278

 []

[8] (/opt/local/share/texmf-texlive/tex/latex/listings/lstlang1.sty
File: lstlang1.sty 2020/03/24 1.8d listings language file
) (/opt/local/share/texmf-texlive/tex/latex/listings/lstmisc.sty
File: lstmisc.sty 2020/03/24 1.8d (Carsten Heinz)
)
LaTeX Font Info:    Trying to load font information for OML+cmr on input line 2
81.
(/opt/local/share/texmf-texlive/tex/latex/base/omlcmr.fd
File: omlcmr.fd 2019/12/16 v2.5j Standard LaTeX font definitions
)
LaTeX Font Info:    Font shape `OML/cmr/m/n' in size <5> not available
(Font)              Font shape `OML/cmm/m/it' tried instead on input line 281.
LaTeX Font Info:    Trying to load font information for OMS+cmr on input line 2
92.
(/opt/local/share/texmf-texlive/tex/latex/base/omscmr.fd
File: omscmr.fd 2019/12/16 v2.5j Standard LaTeX font definitions
)
LaTeX Font Info:    Font shape `OMS/cmr/m/n' in size <5> not available
(Font)              Font shape `OMS/cmsy/m/n' tried instead on input line 292.
[9

]
Underfull \hbox (badness 10000) in paragraph at lines 349--356

 []


Underfull \hbox (badness 10000) in paragraph at lines 358--365

 []


Underfull \hbox (badness 10000) in paragraph at lines 366--369

 []

[10

]
<./figures/screenshot/begin.pdf, id=560, 1096.89806pt x 616.70403pt>
File: ./figures/screenshot/begin.pdf Graphic file (type pdf)
<use ./figures/screenshot/begin.pdf>
Package pdftex.def Info: ./figures/screenshot/begin.pdf  used on input line 385
.
(pdftex.def)             Requested size: 512.1496pt x 287.94067pt.
<./figures/screenshot/NewPrj.png, id=562, 1371.1225pt x 770.88pt>
File: ./figures/screenshot/NewPrj.png Graphic file (type png)
<use ./figures/screenshot/NewPrj.png>
Package pdftex.def Info: ./figures/screenshot/NewPrj.png  used on input line 39
9.
(pdftex.def)             Requested size: 512.1496pt x 287.95007pt.
<./figures/screenshot/MethDiag.png, id=565, 1371.1225pt x 770.88pt>
File: ./figures/screenshot/MethDiag.png Graphic file (type png)
<use ./figures/screenshot/MethDiag.png>
Package pdftex.def Info: ./figures/screenshot/MethDiag.png  used on input line 
411.
(pdftex.def)             Requested size: 512.1496pt x 287.95007pt.
<./figures/screenshot/AddRefDiag.png, id=569, 1371.1225pt x 770.88pt>
File: ./figures/screenshot/AddRefDiag.png Graphic file (type png)
<use ./figures/screenshot/AddRefDiag.png>
Package pdftex.def Info: ./figures/screenshot/AddRefDiag.png  used on input lin
e 423.
(pdftex.def)             Requested size: 512.1496pt x 287.95007pt.
<./figures/screenshot/RefDiagAdded.png, id=570, 1371.1225pt x 770.88pt>
File: ./figures/screenshot/RefDiagAdded.png Graphic file (type png)
<use ./figures/screenshot/RefDiagAdded.png>
Package pdftex.def Info: ./figures/screenshot/RefDiagAdded.png  used on input l
ine 430.
(pdftex.def)             Requested size: 512.1496pt x 287.95007pt.
<./figures/screenshot/PanelvsDiag.png, id=572, 1371.1225pt x 770.88pt>
File: ./figures/screenshot/PanelvsDiag.png Graphic file (type png)
<use ./figures/screenshot/PanelvsDiag.png>
Package pdftex.def Info: ./figures/screenshot/PanelvsDiag.png  used on input li
ne 443.
(pdftex.def)             Requested size: 512.1496pt x 287.95007pt.
<./figures/screenshot/SaveButton.png, id=575, 1371.1225pt x 770.88pt>
File: ./figures/screenshot/SaveButton.png Graphic file (type png)
<use ./figures/screenshot/SaveButton.png>
Package pdftex.def Info: ./figures/screenshot/SaveButton.png  used on input lin
e 455.
(pdftex.def)             Requested size: 512.1496pt x 287.95007pt.
<./figures/screenshot/SaveName.png, id=576, 1371.1225pt x 770.88pt>
File: ./figures/screenshot/SaveName.png Graphic file (type png)
<use ./figures/screenshot/SaveName.png>
Package pdftex.def Info: ./figures/screenshot/SaveName.png  used on input line 
462.
(pdftex.def)             Requested size: 512.1496pt x 287.95007pt.

Overfull \hbox (14.48871pt too wide) in paragraph at lines 379--476
\OT1/cmr/m/n/10 proach. To cre-ate such a Method-ol-ogy di-a-gram, right click 
in the De-sign win-dow and se-lect \OT1/cmtt/m/n/10 New DIPLODOCUS Methodology\
OT1/cmr/m/n/10 ,
 []

[11 <./figures/screenshot/begin.pdf>] [12 <./figures/screenshot/NewPrj.png> <./
figures/screenshot/MethDiag.png>] [13 <./figures/screenshot/AddRefDiag.png> <./
figures/screenshot/RefDiagAdded.png>] [14 <./figures/screenshot/PanelvsDiag.png
> <./figures/screenshot/SaveButton.png>] [15 <./figures/screenshot/SaveName.png
>]
<figures/PsiChartApp.pdf, id=619, 1043.9pt x 1316.92pt>
File: figures/PsiChartApp.pdf Graphic file (type pdf)
<use figures/PsiChartApp.pdf>
Package pdftex.def Info: figures/PsiChartApp.pdf  used on input line 497.
(pdftex.def)             Requested size: 1043.89745pt x 1316.9168pt.
<figures/TXBlockDiagram.pdf, id=623, 1365.1pt x 256.96pt>
File: figures/TXBlockDiagram.pdf Graphic file (type pdf)
<use figures/TXBlockDiagram.pdf>
Package pdftex.def Info: figures/TXBlockDiagram.pdf  used on input line 513.
(pdftex.def)             Requested size: 409.72124pt x 77.12387pt.
[16 <./figures/PsiChartApp.pdf> <./figures/TXBlockDiagram.pdf

pdfTeX warning: /opt/local/bin/pdflatex (file ./figures/TXBlockDiagram.pdf): PD
F inclusion: multiple pdfs with page group included in a single page
>]
<figures/ZigbeeApp.pdf, id=748, 1374.73598pt x 457.71pt>
File: figures/ZigbeeApp.pdf Graphic file (type pdf)
<use figures/ZigbeeApp.pdf>
Package pdftex.def Info: figures/ZigbeeApp.pdf  used on input line 564.
(pdftex.def)             Requested size: 512.1496pt x 170.51639pt.
<figures/screenshot/Open.png, id=751, 1371.1225pt x 770.88pt>
File: figures/screenshot/Open.png Graphic file (type png)
<use figures/screenshot/Open.png>
Package pdftex.def Info: figures/screenshot/Open.png  used on input line 577.
(pdftex.def)             Requested size: 512.1496pt x 287.95007pt.
<figures/screenshot/AppPanel.pdf, id=759, 1096.89806pt x 616.70403pt>
File: figures/screenshot/AppPanel.pdf Graphic file (type pdf)
<use figures/screenshot/AppPanel.pdf>
Package pdftex.def Info: figures/screenshot/AppPanel.pdf  used on input line 59
3.
(pdftex.def)             Requested size: 512.1496pt x 287.94067pt.
<figures/screenshot/Src1.png, id=764, 1371.1225pt x 770.88pt>
File: figures/screenshot/Src1.png Graphic file (type png)
<use figures/screenshot/Src1.png>
Package pdftex.def Info: figures/screenshot/Src1.png  used on input line 623.
(pdftex.def)             Requested size: 512.1496pt x 287.95007pt.

Underfull \hbox (badness 10000) in paragraph at lines 572--641

 []

[17 <./figures/ZigbeeApp.pdf>] [18 <./figures/screenshot/Open.png>] [19 <./figu
res/screenshot/AppPanel.pdf> <./figures/screenshot/Src1.png>]
<figures/screenshot/Src3.png, id=804, 1371.1225pt x 770.88pt>
File: figures/screenshot/Src3.png Graphic file (type png)
<use figures/screenshot/Src3.png>
Package pdftex.def Info: figures/screenshot/Src3.png  used on input line 652.
(pdftex.def)             Requested size: 512.1496pt x 287.95007pt.
[20 <./figures/screenshot/Src3.png>]
Underfull \hbox (badness 10000) in paragraph at lines 713--715

 []


Underfull \hbox (badness 10000) in paragraph at lines 717--727

 []

<figures/screenshot/Ports1.png, id=815, 1371.1225pt x 770.88pt>
File: figures/screenshot/Ports1.png Graphic file (type png)
<use figures/screenshot/Ports1.png>
Package pdftex.def Info: figures/screenshot/Ports1.png  used on input line 737.

(pdftex.def)             Requested size: 512.1496pt x 287.95007pt.
<figures/screenshot/Ports2.png, id=817, 1371.1225pt x 770.88pt>
File: figures/screenshot/Ports2.png Graphic file (type png)
<use figures/screenshot/Ports2.png>
Package pdftex.def Info: figures/screenshot/Ports2.png  used on input line 750.

(pdftex.def)             Requested size: 512.1496pt x 287.95007pt.
<figures/screenshot/Ports4_5.png, id=820, 1371.1225pt x 770.88pt>
File: figures/screenshot/Ports4_5.png Graphic file (type png)
<use figures/screenshot/Ports4_5.png>
Package pdftex.def Info: figures/screenshot/Ports4_5.png  used on input line 77
2.
(pdftex.def)             Requested size: 512.1496pt x 287.95007pt.
<figures/screenshot/Ports3.png, id=822, 1371.1225pt x 770.88pt>
File: figures/screenshot/Ports3.png Graphic file (type png)
<use figures/screenshot/Ports3.png>
Package pdftex.def Info: figures/screenshot/Ports3.png  used on input line 789.

(pdftex.def)             Requested size: 512.1496pt x 287.95007pt.
<figures/screenshot/Ports4.png, id=823, 1371.1225pt x 770.88pt>
File: figures/screenshot/Ports4.png Graphic file (type png)
<use figures/screenshot/Ports4.png>
Package pdftex.def Info: figures/screenshot/Ports4.png  used on input line 796.

(pdftex.def)             Requested size: 512.1496pt x 287.95007pt.
[21] [22 <./figures/screenshot/Ports1.png> <./figures/screenshot/Ports2.png>]
<figures/screenshot/Buttons1.pdf, id=838, 1096.89806pt x 616.70403pt>
File: figures/screenshot/Buttons1.pdf Graphic file (type pdf)
<use figures/screenshot/Buttons1.pdf>
Package pdftex.def Info: figures/screenshot/Buttons1.pdf  used on input line 82
6.
(pdftex.def)             Requested size: 512.1496pt x 287.94067pt.
<figures/screenshot/Ports5.png, id=841, 1371.1225pt x 770.88pt>
File: figures/screenshot/Ports5.png Graphic file (type png)
<use figures/screenshot/Ports5.png>
Package pdftex.def Info: figures/screenshot/Ports5.png  used on input line 846.

(pdftex.def)             Requested size: 512.1496pt x 287.95007pt.
[23 <./figures/screenshot/Ports4_5.png>] [24 <./figures/screenshot/Ports3.png> 
<./figures/screenshot/Ports4.png>] [25 <./figures/screenshot/Buttons1.pdf> <./f
igures/screenshot/Ports5.png>]
<figures/screenshot/DWindow1.png, id=881, 1371.1225pt x 770.88pt>
File: figures/screenshot/DWindow1.png Graphic file (type png)
<use figures/screenshot/DWindow1.png>
Package pdftex.def Info: figures/screenshot/DWindow1.png  used on input line 93
9.
(pdftex.def)             Requested size: 512.1496pt x 287.95007pt.
<figures/screenshot/ADFsource.png, id=883, 162.6075pt x 327.2225pt>
File: figures/screenshot/ADFsource.png Graphic file (type png)
<use figures/screenshot/ADFsource.png>
Package pdftex.def Info: figures/screenshot/ADFsource.png  used on input line 9
48.
(pdftex.def)             Requested size: 76.8193pt x 154.58847pt.
<figures/screenshot/ADXsource.png, id=888, 158.5925pt x 342.27875pt>
File: figures/screenshot/ADXsource.png Graphic file (type png)
<use figures/screenshot/ADXsource.png>
Package pdftex.def Info: figures/screenshot/ADXsource.png  used on input line 9
65.
(pdftex.def)             Requested size: 76.8193pt x 165.79607pt.
<figures/screenshot/F_Symbol2ChipSeq.png, id=892, 219.82124pt x 341.275pt>
File: figures/screenshot/F_Symbol2ChipSeq.png Graphic file (type png)
<use figures/screenshot/F_Symbol2ChipSeq.png>
Package pdftex.def Info: figures/screenshot/F_Symbol2ChipSeq.png  used on input
 line 976.
(pdftex.def)             Requested size: 102.42834pt x 159.01929pt.
<figures/screenshot/X_Symbol2ChipSeq.png, id=893, 213.79875pt x 425.59pt>
File: figures/screenshot/X_Symbol2ChipSeq.png Graphic file (type png)
<use figures/screenshot/X_Symbol2ChipSeq.png>
Package pdftex.def Info: figures/screenshot/X_Symbol2ChipSeq.png  used on input
 line 983.
(pdftex.def)             Requested size: 102.42834pt x 203.89124pt.
<figures/screenshot/F_Chip2Octet.png, id=894, 181.67876pt x 340.27126pt>
File: figures/screenshot/F_Chip2Octet.png Graphic file (type png)
<use figures/screenshot/F_Chip2Octet.png>
Package pdftex.def Info: figures/screenshot/F_Chip2Octet.png  used on input lin
e 990.
(pdftex.def)             Requested size: 76.8193pt x 143.87868pt.
<figures/screenshot/X_Chip2Octet.png, id=895, 183.68625pt x 428.60126pt>
File: figures/screenshot/X_Chip2Octet.png Graphic file (type png)
<use figures/screenshot/X_Chip2Octet.png>
Package pdftex.def Info: figures/screenshot/X_Chip2Octet.png  used on input lin
e 997.
(pdftex.def)             Requested size: 76.8193pt x 179.24612pt.
<figures/screenshot/F_CWL.png, id=896, 156.585pt x 387.4475pt>
File: figures/screenshot/F_CWL.png Graphic file (type png)
<use figures/screenshot/F_CWL.png>
Package pdftex.def Info: figures/screenshot/F_CWL.png  used on input line 1004.

(pdftex.def)             Requested size: 76.8193pt x 190.0815pt.
<figures/screenshot/X_CWL.png, id=897, 146.5475pt x 422.57875pt>
File: figures/screenshot/X_CWL.png Graphic file (type png)
<use figures/screenshot/X_CWL.png>
Package pdftex.def Info: figures/screenshot/X_CWL.png  used on input line 1011.

(pdftex.def)             Requested size: 76.8193pt x 221.50897pt.
<figures/screenshot/F_CWP_I.png, id=898, 156.585pt x 340.27126pt>
File: figures/screenshot/F_CWP_I.png Graphic file (type png)
<use figures/screenshot/F_CWP_I.png>
Package pdftex.def Info: figures/screenshot/F_CWP_I.png  used on input line 101
8.
(pdftex.def)             Requested size: 76.8193pt x 166.93686pt.
<figures/screenshot/X_CWP_I.png, id=899, 152.57pt x 423.5825pt>
File: figures/screenshot/X_CWP_I.png Graphic file (type png)
<use figures/screenshot/X_CWP_I.png>
Package pdftex.def Info: figures/screenshot/X_CWP_I.png  used on input line 102
5.
(pdftex.def)             Requested size: 76.8193pt x 213.28375pt.
<figures/screenshot/F_CWP_Q.png, id=900, 165.61874pt x 340.27126pt>
File: figures/screenshot/F_CWP_Q.png Graphic file (type png)
<use figures/screenshot/F_CWP_Q.png>
Package pdftex.def Info: figures/screenshot/F_CWP_Q.png  used on input line 103
2.
(pdftex.def)             Requested size: 76.8193pt x 157.82469pt.
<figures/screenshot/X_CWP_Q.png, id=901, 158.5925pt x 422.57875pt>
File: figures/screenshot/X_CWP_Q.png Graphic file (type png)
<use figures/screenshot/X_CWP_Q.png>
Package pdftex.def Info: figures/screenshot/X_CWP_Q.png  used on input line 103
9.
(pdftex.def)             Requested size: 76.8193pt x 204.69252pt.
<figures/screenshot/F_Sink.png, id=902, 165.61874pt x 336.25626pt>
File: figures/screenshot/F_Sink.png Graphic file (type png)
<use figures/screenshot/F_Sink.png>
Package pdftex.def Info: figures/screenshot/F_Sink.png  used on input line 1046
.
(pdftex.def)             Requested size: 76.8193pt x 155.96246pt.
<figures/screenshot/X_Sink.png, id=903, 139.52126pt x 351.3125pt>
File: figures/screenshot/X_Sink.png Graphic file (type png)
<use figures/screenshot/X_Sink.png>
Package pdftex.def Info: figures/screenshot/X_Sink.png  used on input line 1053
.
(pdftex.def)             Requested size: 76.8193pt x 193.43689pt.
[26] [27 <./figures/screenshot/DWindow1.png> <./figures/screenshot/ADFsource.pn
g>] [28 <./figures/screenshot/ADXsource.png> <./figures/screenshot/F_Symbol2Chi
pSeq.png> <./figures/screenshot/X_Symbol2ChipSeq.png>] [29 <./figures/screensho
t/F_Chip2Octet.png> <./figures/screenshot/X_Chip2Octet.png> <./figures/screensh
ot/F_CWL.png>] [30 <./figures/screenshot/X_CWL.png> <./figures/screenshot/F_CWP
_I.png>] [31 <./figures/screenshot/X_CWP_I.png> <./figures/screenshot/F_CWP_Q.p
ng> <./figures/screenshot/X_CWP_Q.png>] [32 <./figures/screenshot/F_Sink.png> <
./figures/screenshot/X_Sink.png>]
<figures/PsiChartArch.pdf, id=980, 1043.9pt x 1316.92pt>
File: figures/PsiChartArch.pdf Graphic file (type pdf)
<use figures/PsiChartArch.pdf>
Package pdftex.def Info: figures/PsiChartArch.pdf  used on input line 1069.
(pdftex.def)             Requested size: 1043.89745pt x 1316.9168pt.
<figures/Embb_BlockDiagram.pdf, id=986, 1156.39229pt x 369.66907pt>
File: figures/Embb_BlockDiagram.pdf Graphic file (type pdf)
<use figures/Embb_BlockDiagram.pdf>
Package pdftex.def Info: figures/Embb_BlockDiagram.pdf  used on input line 1095
.
(pdftex.def)             Requested size: 512.1496pt x 163.72098pt.
<figures/screenshot/Platform.png, id=988, 1371.1225pt x 770.88pt>
File: figures/screenshot/Platform.png Graphic file (type png)
<use figures/screenshot/Platform.png>
Package pdftex.def Info: figures/screenshot/Platform.png  used on input line 11
29.
(pdftex.def)             Requested size: 512.1496pt x 287.95007pt.
[33 <./figures/PsiChartArch.pdf>] [34 <./figures/Embb_BlockDiagram.pdf> <./figu
res/screenshot/Platform.png>]
<figures/evaluation/Excerpt.pdf, id=1104, 1043.9pt x 602.25pt>
File: figures/evaluation/Excerpt.pdf Graphic file (type pdf)
<use figures/evaluation/Excerpt.pdf>
Package pdftex.def Info: figures/evaluation/Excerpt.pdf  used on input line 119
4.
(pdftex.def)             Requested size: 1043.89745pt x 602.24852pt.

LaTeX Warning: Float too large for page by 19.03125pt on input line 1197.


Underfull \hbox (badness 10000) in paragraph at lines 1349--1349

 []


Underfull \hbox (badness 10000) in paragraph at lines 1349--1349

 []


Underfull \hbox (badness 10000) in paragraph at lines 1349--1349

 []


Underfull \hbox (badness 10000) in paragraph at lines 1349--1349

 []


Underfull \hbox (badness 10000) in paragraph at lines 1349--1349

 []


Overfull \hbox (28.45276pt too wide) in paragraph at lines 1365--1365
 []|[]| 
 []


Overfull \hbox (28.45276pt too wide) in paragraph at lines 1406--1406
 []|[]| 
 []


Underfull \hbox (badness 10000) in paragraph at lines 1442--1442

 []


Underfull \hbox (badness 10000) in paragraph at lines 1442--1442

 []


Overfull \hbox (28.45276pt too wide) in paragraph at lines 1442--1442
 []|[]| 
 []

<figures/screenshot/ClockFrequency.pdf, id=1114, 1096.89806pt x 616.70403pt>
File: figures/screenshot/ClockFrequency.pdf Graphic file (type pdf)
<use figures/screenshot/ClockFrequency.pdf>
Package pdftex.def Info: figures/screenshot/ClockFrequency.pdf  used on input l
ine 1471.
(pdftex.def)             Requested size: 512.1496pt x 287.94067pt.
[35] [36 <./figures/evaluation/Excerpt.pdf>] [37] [38] [39] [40]
<figures/PsiChartCom.pdf, id=1186, 1043.9pt x 1316.92pt>
File: figures/PsiChartCom.pdf Graphic file (type pdf)
<use figures/PsiChartCom.pdf>
Package pdftex.def Info: figures/PsiChartCom.pdf  used on input line 1499.
(pdftex.def)             Requested size: 1043.89745pt x 1316.9168pt.
[41 <./figures/screenshot/ClockFrequency.pdf>]
Underfull \hbox (badness 10000) in paragraph at lines 1553--1557

 []

<figures/mainAD_DMA_noPolling.pdf, id=1203, 472.164pt x 334.85101pt>
File: figures/mainAD_DMA_noPolling.pdf Graphic file (type pdf)
<use figures/mainAD_DMA_noPolling.pdf>
Package pdftex.def Info: figures/mainAD_DMA_noPolling.pdf  used on input line 1
567.
(pdftex.def)             Requested size: 358.50314pt x 254.24416pt.
<figures/ConfigureDMA_SD.pdf, id=1205, 747.59299pt x 450.48299pt>
File: figures/ConfigureDMA_SD.pdf Graphic file (type pdf)
<use figures/ConfigureDMA_SD.pdf>
Package pdftex.def Info: figures/ConfigureDMA_SD.pdf  used on input line 1589.
(pdftex.def)             Requested size: 512.1496pt x 74.70872pt.
[42 <./figures/PsiChartCom.pdf>]
<figures/DMACycle_SD.pdf, id=1320, 736.35098pt x 445.665pt>
File: figures/DMACycle_SD.pdf Graphic file (type pdf)
<use figures/DMACycle_SD.pdf>
Package pdftex.def Info: figures/DMACycle_SD.pdf  used on input line 1608.
(pdftex.def)             Requested size: 512.1496pt x 112.07994pt.
<figures/TerminateDMA_SD.pdf, id=1324, 498.663pt x 449.68pt>
File: figures/TerminateDMA_SD.pdf Graphic file (type pdf)
<use figures/TerminateDMA_SD.pdf>
Package pdftex.def Info: figures/TerminateDMA_SD.pdf  used on input line 1624.
(pdftex.def)             Requested size: 358.50314pt x 67.59431pt.
[43 <./figures/ConfigureDMA_SD.pdf> <./figures/mainAD_DMA_noPolling.pdf

pdfTeX warning: /opt/local/bin/pdflatex (file ./figures/mainAD_DMA_noPolling.pd
f): PDF inclusion: multiple pdfs with page group included in a single page
>]
<figures/mainCPDMAPolling.pdf, id=1359, 321.27226pt x 321.2pt>
File: figures/mainCPDMAPolling.pdf Graphic file (type pdf)
<use figures/mainCPDMAPolling.pdf>
Package pdftex.def Info: figures/mainCPDMAPolling.pdf  used on input line 1640.

(pdftex.def)             Requested size: 216.81pt x 216.76143pt.
<figures/ConfigureTransferPolling.pdf, id=1362, 1014.99202pt x 444.05899pt>
File: figures/ConfigureTransferPolling.pdf Graphic file (type pdf)
<use figures/ConfigureTransferPolling.pdf>
Package pdftex.def Info: figures/ConfigureTransferPolling.pdf  used on input li
ne 1653.
(pdftex.def)             Requested size: 512.1496pt x 66.1432pt.
<figures/TransferCycleAD.pdf, id=1367, 235.63031pt x 168.2536pt>
File: figures/TransferCycleAD.pdf Graphic file (type pdf)
<use figures/TransferCycleAD.pdf>
Package pdftex.def Info: figures/TransferCycleAD.pdf  used on input line 1666.
(pdftex.def)             Requested size: 144.54pt x 103.20961pt.
<figures/PollingCycleAD.pdf, id=1371, 278.54062pt x 142.65797pt>
File: figures/PollingCycleAD.pdf Graphic file (type pdf)
<use figures/PollingCycleAD.pdf>
Package pdftex.def Info: figures/PollingCycleAD.pdf  used on input line 1679.
(pdftex.def)             Requested size: 216.81pt x 111.04419pt.
<figures/PollingCycleSD.pdf, id=1373, 582.175pt x 456.10399pt>
File: figures/PollingCycleSD.pdf Graphic file (type pdf)
<use figures/PollingCycleSD.pdf>
Package pdftex.def Info: figures/PollingCycleSD.pdf  used on input line 1688.
(pdftex.def)             Requested size: 409.72124pt x 140.77948pt.
<figures/evaluation/MemCopy.pdf, id=1384, 276.23201pt x 282.656pt>
File: figures/evaluation/MemCopy.pdf Graphic file (type pdf)
<use figures/evaluation/MemCopy.pdf>
Package pdftex.def Info: figures/evaluation/MemCopy.pdf  used on input line 172
2.
(pdftex.def)             Requested size: 194.65085pt x 199.16928pt.
<figures/evaluation/MemCopy_TransferCycle.pdf, id=1385, 907.67905pt x 160.6pt>
File: figures/evaluation/MemCopy_TransferCycle.pdf Graphic file (type pdf)
<use figures/evaluation/MemCopy_TransferCycle.pdf>
Package pdftex.def Info: figures/evaluation/MemCopy_TransferCycle.pdf  used on 
input line 1729.
(pdftex.def)             Requested size: 512.1496pt x 90.62152pt.
<figures/evaluation/DoubleDMATransfer.pdf, id=1387, 115.70427pt x 216.81pt>
File: figures/evaluation/DoubleDMATransfer.pdf Graphic file (type pdf)
<use figures/evaluation/DoubleDMATransfer.pdf>
Package pdftex.def Info: figures/evaluation/DoubleDMATransfer.pdf  used on inpu
t line 1736.
(pdftex.def)             Requested size: 75.92543pt x 142.26378pt.
<figures/evaluation/DMATransfer1.pdf, id=1388, 273.02pt x 282.94508pt>
File: figures/evaluation/DMATransfer1.pdf Graphic file (type pdf)
<use figures/evaluation/DMATransfer1.pdf>
Package pdftex.def Info: figures/evaluation/DMATransfer1.pdf  used on input lin
e 1743.
(pdftex.def)             Requested size: 192.1875pt x 199.16928pt.
<figures/evaluation/DMATransfer2.pdf, id=1390, 281.05pt x 293.095pt>
File: figures/evaluation/DMATransfer2.pdf Graphic file (type pdf)
<use figures/evaluation/DMATransfer2.pdf>
Package pdftex.def Info: figures/evaluation/DMATransfer2.pdf  used on input lin
e 1750.
(pdftex.def)             Requested size: 190.9828pt x 199.16928pt.
<figures/evaluation/ConfigureTransfer1.pdf, id=1392, 538.01pt x 97.966pt>
File: figures/evaluation/ConfigureTransfer1.pdf Graphic file (type pdf)
<use figures/evaluation/ConfigureTransfer1.pdf>
Package pdftex.def Info: figures/evaluation/ConfigureTransfer1.pdf  used on inp
ut line 1757.
(pdftex.def)             Requested size: 361.34999pt x 65.79831pt.
<figures/evaluation/TransferCycleSD1.pdf, id=1394, 843.22223pt x 176.94908pt>
File: figures/evaluation/TransferCycleSD1.pdf Graphic file (type pdf)
<use figures/evaluation/TransferCycleSD1.pdf>
Package pdftex.def Info: figures/evaluation/TransferCycleSD1.pdf  used on input
 line 1764.
(pdftex.def)             Requested size: 512.1496pt x 107.47707pt.
<figures/evaluation/TerminateTransfer1.pdf, id=1396, 452.96431pt x 106.28508pt>

File: figures/evaluation/TerminateTransfer1.pdf Graphic file (type pdf)
<use figures/evaluation/TerminateTransfer1.pdf>
Package pdftex.def Info: figures/evaluation/TerminateTransfer1.pdf  used on inp
ut line 1771.
(pdftex.def)             Requested size: 361.34999pt x 84.793pt.
<figures/evaluation/ConfigureTransfer2.pdf, id=1398, 538.01pt x 97.966pt>
File: figures/evaluation/ConfigureTransfer2.pdf Graphic file (type pdf)
<use figures/evaluation/ConfigureTransfer2.pdf>
Package pdftex.def Info: figures/evaluation/ConfigureTransfer2.pdf  used on inp
ut line 1778.
(pdftex.def)             Requested size: 361.34999pt x 65.79831pt.
<figures/evaluation/TransferCycleSD2.pdf, id=1400, 843.22223pt x 176.94908pt>
File: figures/evaluation/TransferCycleSD2.pdf Graphic file (type pdf)
<use figures/evaluation/TransferCycleSD2.pdf>
Package pdftex.def Info: figures/evaluation/TransferCycleSD2.pdf  used on input
 line 1785.
(pdftex.def)             Requested size: 512.1496pt x 107.47707pt.
<figures/evaluation/TerminateTransfer2.pdf, id=1402, 452.96431pt x 106.28508pt>

File: figures/evaluation/TerminateTransfer2.pdf Graphic file (type pdf)
<use figures/evaluation/TerminateTransfer2.pdf>
Package pdftex.def Info: figures/evaluation/TerminateTransfer2.pdf  used on inp
ut line 1792.
(pdftex.def)             Requested size: 361.34999pt x 84.793pt.
[44 <./figures/DMACycle_SD.pdf> <./figures/TerminateDMA_SD.pdf>] [45 <./figures
/ConfigureTransferPolling.pdf> <./figures/mainCPDMAPolling.pdf

pdfTeX warning: /opt/local/bin/pdflatex (file ./figures/mainCPDMAPolling.pdf): 
PDF inclusion: multiple pdfs with page group included in a single page
> <./figures/TransferCycleAD.pdf

pdfTeX warning: /opt/local/bin/pdflatex (file ./figures/TransferCycleAD.pdf): P
DF inclusion: multiple pdfs with page group included in a single page
> <./figures/PollingCycleAD.pdf

pdfTeX warning: /opt/local/bin/pdflatex (file ./figures/PollingCycleAD.pdf): PD
F inclusion: multiple pdfs with page group included in a single page
>] [46 <./figures/PollingCycleSD.pdf> <./figures/evaluation/MemCopy.pdf

pdfTeX warning: /opt/local/bin/pdflatex (file ./figures/evaluation/MemCopy.pdf)
: PDF inclusion: multiple pdfs with page group included in a single page
>] [47 <./figures/evaluation/MemCopy_TransferCycle.pdf> <./figures/evaluation/D
oubleDMATransfer.pdf

pdfTeX warning: /opt/local/bin/pdflatex (file ./figures/evaluation/DoubleDMATra
nsfer.pdf): PDF inclusion: multiple pdfs with page group included in a single p
age
> <./figures/evaluation/DMATransfer1.pdf

pdfTeX warning: /opt/local/bin/pdflatex (file ./figures/evaluation/DMATransfer1
.pdf): PDF inclusion: multiple pdfs with page group included in a single page
>] [48 <./figures/evaluation/DMATransfer2.pdf> <./figures/evaluation/ConfigureT
ransfer1.pdf

pdfTeX warning: /opt/local/bin/pdflatex (file ./figures/evaluation/ConfigureTra
nsfer1.pdf): PDF inclusion: multiple pdfs with page group included in a single 
page
> <./figures/evaluation/TransferCycleSD1.pdf

pdfTeX warning: /opt/local/bin/pdflatex (file ./figures/evaluation/TransferCycl
eSD1.pdf): PDF inclusion: multiple pdfs with page group included in a single pa
ge
> <./figures/evaluation/TerminateTransfer1.pdf

pdfTeX warning: /opt/local/bin/pdflatex (file ./figures/evaluation/TerminateTra
nsfer1.pdf): PDF inclusion: multiple pdfs with page group included in a single 
page
> <./figures/evaluation/ConfigureTransfer2.pdf

pdfTeX warning: /opt/local/bin/pdflatex (file ./figures/evaluation/ConfigureTra
nsfer2.pdf): PDF inclusion: multiple pdfs with page group included in a single 
page
>]
Overfull \hbox (1.65341pt too wide) in paragraph at lines 1890--1893
[]\OT1/cmr/m/n/10 from \OT1/cmtt/m/n/10 MainMemory \OT1/cmr/m/n/10 to any of th
e DSP lo-cal mem-o-ries and vice-versa, e.g., path \OT1/cmtt/m/n/10 DDR--MainBu
s--MainBridge--Crossbar-
 []

<figures/evaluation/CommMismatchesPaths.pdf, id=1831, 1043.9pt x 602.25pt>
File: figures/evaluation/CommMismatchesPaths.pdf Graphic file (type pdf)
<use figures/evaluation/CommMismatchesPaths.pdf>
Package pdftex.def Info: figures/evaluation/CommMismatchesPaths.pdf  used on in
put line 1904.
(pdftex.def)             Requested size: 1043.89745pt x 602.24852pt.
[49 <./figures/evaluation/TransferCycleSD2.pdf> <./figures/evaluation/Terminate
Transfer2.pdf

pdfTeX warning: /opt/local/bin/pdflatex (file ./figures/evaluation/TerminateTra
nsfer2.pdf): PDF inclusion: multiple pdfs with page group included in a single 
page
>] [50 <./figures/evaluation/CommMismatchesPaths.pdf>]
<figures/screenshot/CPWindow1.png, id=1868, 1371.1225pt x 770.88pt>
File: figures/screenshot/CPWindow1.png Graphic file (type png)
<use figures/screenshot/CPWindow1.png>
Package pdftex.def Info: figures/screenshot/CPWindow1.png  used on input line 1
919.
(pdftex.def)             Requested size: 512.1496pt x 287.95007pt.
<figures/screenshot/CPSDWindow1.png, id=1874, 1371.1225pt x 770.88pt>
File: figures/screenshot/CPSDWindow1.png Graphic file (type png)
<use figures/screenshot/CPSDWindow1.png>
Package pdftex.def Info: figures/screenshot/CPSDWindow1.png  used on input line
 1970.
(pdftex.def)             Requested size: 512.1496pt x 287.95007pt.
[51 <./figures/screenshot/CPWindow1.png>]
Underfull \hbox (badness 10000) in paragraph at lines 1996--2022

 []

[52 <./figures/screenshot/CPSDWindow1.png>]
Underfull \hbox (badness 10000) in paragraph at lines 2023--2033

 []

[53]
<figures/PsiChartMap.pdf, id=1927, 1043.9pt x 1316.92pt>
File: figures/PsiChartMap.pdf Graphic file (type pdf)
<use figures/PsiChartMap.pdf>
Package pdftex.def Info: figures/PsiChartMap.pdf  used on input line 2044.
(pdftex.def)             Requested size: 1043.89745pt x 1316.9168pt.
<figures/applicationModel1.pdf, id=1928, 1445.4pt x 3003.22pt>
File: figures/applicationModel1.pdf Graphic file (type pdf)
<use figures/applicationModel1.pdf>
Package pdftex.def Info: figures/applicationModel1.pdf  used on input line 2051
.
(pdftex.def)             Requested size: 1445.39648pt x 3003.21272pt.

Underfull \hbox (badness 10000) in paragraph at lines 2037--2091

 []

[54 <./figures/PsiChartMap.pdf> <./figures/applicationModel1.pdf

pdfTeX warning: /opt/local/bin/pdflatex (file ./figures/applicationModel1.pdf):
 PDF inclusion: multiple pdfs with page group included in a single page
>]
<figures/screenshot/MapSink.png, id=2092, 1371.1225pt x 770.88pt>
File: figures/screenshot/MapSink.png Graphic file (type png)
<use figures/screenshot/MapSink.png>
Package pdftex.def Info: figures/screenshot/MapSink.png  used on input line 219
0.
(pdftex.def)             Requested size: 512.1496pt x 287.95007pt.
[55] [56 <./figures/screenshot/MapSink.png>]
<figures/screenshot/MapMemory1.png, id=2116, 1371.1225pt x 770.88pt>
File: figures/screenshot/MapMemory1.png Graphic file (type png)
<use figures/screenshot/MapMemory1.png>
Package pdftex.def Info: figures/screenshot/MapMemory1.png  used on input line 
2240.
(pdftex.def)             Requested size: 512.1496pt x 287.95007pt.
<figures/screenshot/MapMemory2.png, id=2117, 1371.1225pt x 770.88pt>
File: figures/screenshot/MapMemory2.png Graphic file (type png)
<use figures/screenshot/MapMemory2.png>
Package pdftex.def Info: figures/screenshot/MapMemory2.png  used on input line 
2247.
(pdftex.def)             Requested size: 512.1496pt x 287.95007pt.
[57 <./figures/screenshot/MapMemory1.png>]
Underfull \hbox (badness 10000) in paragraph at lines 2344--2344

 []


Underfull \hbox (badness 10000) in paragraph at lines 2345--2345

 []


Underfull \hbox (badness 10000) in paragraph at lines 2345--2345

 []


Underfull \hbox (badness 10000) in paragraph at lines 2345--2345

 []


Underfull \hbox (badness 10000) in paragraph at lines 2346--2346

 []


Overfull \hbox (56.90552pt too wide) in paragraph at lines 2346--2346
 []|[]| 
 []


Underfull \hbox (badness 10000) in paragraph at lines 2347--2347

 []


Underfull \hbox (badness 10000) in paragraph at lines 2348--2348

 []


Underfull \hbox (badness 10000) in paragraph at lines 2348--2348

 []


Underfull \hbox (badness 10000) in paragraph at lines 2348--2348

 []


Underfull \hbox (badness 10000) in paragraph at lines 2349--2349

 []


Overfull \hbox (56.90552pt too wide) in paragraph at lines 2349--2349
 []|[]| 
 []


Underfull \hbox (badness 10000) in paragraph at lines 2350--2350

 []


Underfull \hbox (badness 10000) in paragraph at lines 2351--2351

 []


Underfull \hbox (badness 10000) in paragraph at lines 2351--2351

 []


Underfull \hbox (badness 10000) in paragraph at lines 2351--2351

 []


Underfull \hbox (badness 10000) in paragraph at lines 2352--2352

 []


Overfull \hbox (56.90552pt too wide) in paragraph at lines 2352--2352
 []|[]| 
 []


Underfull \hbox (badness 10000) in paragraph at lines 2354--2354

 []


Underfull \hbox (badness 10000) in paragraph at lines 2355--2355

 []


Underfull \hbox (badness 10000) in paragraph at lines 2355--2355

 []


Underfull \hbox (badness 10000) in paragraph at lines 2356--2356

 []


Overfull \hbox (56.90552pt too wide) in paragraph at lines 2356--2356
 []|[]| 
 []

<figures/evaluation/ZigbeeAppMapp.pdf, id=2163, 1374.73598pt x 457.71pt>
File: figures/evaluation/ZigbeeAppMapp.pdf Graphic file (type pdf)
<use figures/evaluation/ZigbeeAppMapp.pdf>
Package pdftex.def Info: figures/evaluation/ZigbeeAppMapp.pdf  used on input li
ne 2472.
(pdftex.def)             Requested size: 1374.73264pt x 457.7089pt.

LaTeX Warning: Float too large for page by 65.21623pt on input line 2476.

<figures/evaluation/MappingCP01.pdf, id=2164, 1043.9pt x 481.8pt>
File: figures/evaluation/MappingCP01.pdf Graphic file (type pdf)
<use figures/evaluation/MappingCP01.pdf>
Package pdftex.def Info: figures/evaluation/MappingCP01.pdf  used on input line
 2481.
(pdftex.def)             Requested size: 1043.89745pt x 481.79881pt.

LaTeX Warning: Float too large for page by 2.6084pt on input line 2484.

<figures/evaluation/Architecture_Excerpt.pdf, id=2165, 1043.9pt x 602.25pt>
File: figures/evaluation/Architecture_Excerpt.pdf Graphic file (type pdf)
<use figures/evaluation/Architecture_Excerpt.pdf>
Package pdftex.def Info: figures/evaluation/Architecture_Excerpt.pdf  used on i
nput line 2488.
(pdftex.def)             Requested size: 1043.89745pt x 602.24852pt.
<figures/evaluation/MappingCP03.pdf, id=2166, 1043.9pt x 602.25pt>
File: figures/evaluation/MappingCP03.pdf Graphic file (type pdf)
<use figures/evaluation/MappingCP03.pdf>
Package pdftex.def Info: figures/evaluation/MappingCP03.pdf  used on input line
 2496.
(pdftex.def)             Requested size: 1043.89745pt x 602.24852pt.
<figures/evaluation/MappingCP04.pdf, id=2167, 1043.9pt x 602.25pt>
File: figures/evaluation/MappingCP04.pdf Graphic file (type pdf)
<use figures/evaluation/MappingCP04.pdf>
Package pdftex.def Info: figures/evaluation/MappingCP04.pdf  used on input line
 2504.
(pdftex.def)             Requested size: 1043.89745pt x 602.24852pt.
[58 <./figures/screenshot/MapMemory2.png>] [59]
Underfull \vbox (badness 5924) has occurred while \output is active []

[60] [61] [62 <./figures/evaluation/ZigbeeAppMapp.pdf>] [63 <./figures/evaluati
on/MappingCP01.pdf>] [64 <./figures/evaluation/Architecture_Excerpt.pdf>] [65 <
./figures/evaluation/MappingCP03.pdf>] [66 <./figures/evaluation/MappingCP04.pd
f>]
<figures/PsiChartDes.pdf, id=2291, 1043.9pt x 1316.92pt>
File: figures/PsiChartDes.pdf Graphic file (type pdf)
<use figures/PsiChartDes.pdf>
Package pdftex.def Info: figures/PsiChartDes.pdf  used on input line 2522.
(pdftex.def)             Requested size: 1043.89745pt x 1316.9168pt.

Underfull \hbox (badness 10000) in paragraph at lines 2531--2552

 []

<figures/screenshot/SyntaxAnalysis.png, id=2303, 1371.1225pt x 770.88pt>
File: figures/screenshot/SyntaxAnalysis.png Graphic file (type png)
<use figures/screenshot/SyntaxAnalysis.png>
Package pdftex.def Info: figures/screenshot/SyntaxAnalysis.png  used on input l
ine 2565.
(pdftex.def)             Requested size: 512.1496pt x 287.95007pt.
<figures/screenshot/CodeGenSimu.png, id=2307, 1371.1225pt x 770.88pt>
File: figures/screenshot/CodeGenSimu.png Graphic file (type png)
<use figures/screenshot/CodeGenSimu.png>
Package pdftex.def Info: figures/screenshot/CodeGenSimu.png  used on input line
 2588.
(pdftex.def)             Requested size: 512.1496pt x 287.95007pt.
<figures/screenshot/SimuGUI1.png, id=2308, 1371.1225pt x 770.88pt>
File: figures/screenshot/SimuGUI1.png Graphic file (type png)
<use figures/screenshot/SimuGUI1.png>
Package pdftex.def Info: figures/screenshot/SimuGUI1.png  used on input line 25
95.
(pdftex.def)             Requested size: 512.1496pt x 287.95007pt.
[67 <./figures/PsiChartDes.pdf>] [68 <./figures/screenshot/SyntaxAnalysis.png>]
[69 <./figures/screenshot/CodeGenSimu.png> <./figures/screenshot/SimuGUI1.png>]
<figures/screenshot/CmdCtrl.png, id=2430, 727.71875pt x 295.1025pt>
File: figures/screenshot/CmdCtrl.png Graphic file (type png)
<use figures/screenshot/CmdCtrl.png>
Package pdftex.def Info: figures/screenshot/CmdCtrl.png  used on input line 264
0.
(pdftex.def)             Requested size: 307.29288pt x 124.61313pt.
<figures/screenshot/CmdTextCommands.png, id=2432, 729.72626pt x 296.10625pt>
File: figures/screenshot/CmdTextCommands.png Graphic file (type png)
<use figures/screenshot/CmdTextCommands.png>
Package pdftex.def Info: figures/screenshot/CmdTextCommands.png  used on input 
line 2649.
(pdftex.def)             Requested size: 307.29288pt x 124.68907pt.
<figures/screenshot/CmdSetVariables.png, id=2434, 724.7075pt x 295.1025pt>
File: figures/screenshot/CmdSetVariables.png Graphic file (type png)
<use figures/screenshot/CmdSetVariables.png>
Package pdftex.def Info: figures/screenshot/CmdSetVariables.png  used on input 
line 2658.
(pdftex.def)             Requested size: 307.29288pt x 125.13095pt.
[70 <./figures/screenshot/CmdCtrl.png> <./figures/screenshot/CmdTextCommands.pn
g> <./figures/screenshot/CmdSetVariables.png>]
<figures/screenshot/CmdSaveTrace.png, id=2450, 721.69624pt x 293.095pt>
File: figures/screenshot/CmdSaveTrace.png Graphic file (type png)
<use figures/screenshot/CmdSaveTrace.png>
Package pdftex.def Info: figures/screenshot/CmdSaveTrace.png  used on input lin
e 2681.
(pdftex.def)             Requested size: 307.29288pt x 124.79851pt.
<figures/screenshot/CustomButtons.png, id=2451, 1371.1225pt x 770.88pt>
File: figures/screenshot/CustomButtons.png Graphic file (type png)
<use figures/screenshot/CustomButtons.png>
Package pdftex.def Info: figures/screenshot/CustomButtons.png  used on input li
ne 2688.
(pdftex.def)             Requested size: 512.1496pt x 287.95007pt.
<figures/screenshot/CmdSaveState.png, id=2453, 725.71124pt x 296.10625pt>
File: figures/screenshot/CmdSaveState.png Graphic file (type png)
<use figures/screenshot/CmdSaveState.png>
Package pdftex.def Info: figures/screenshot/CmdSaveState.png  used on input lin
e 2706.
(pdftex.def)             Requested size: 307.29288pt x 125.38489pt.
[71 <./figures/screenshot/CmdSaveTrace.png> <./figures/screenshot/CustomButtons
.png>]
<figures/screenshot/CmdBenchmarks.pdf, id=2466, 578.16pt x 236.082pt>
File: figures/screenshot/CmdBenchmarks.pdf Graphic file (type pdf)
<use figures/screenshot/CmdBenchmarks.pdf>
Package pdftex.def Info: figures/screenshot/CmdBenchmarks.pdf  used on input li
ne 2724.
(pdftex.def)             Requested size: 307.29288pt x 125.47588pt.
[72 <./figures/screenshot/CmdSaveState.png> <./figures/screenshot/CmdBenchmarks
.pdf>]
<figures/screenshot/Options.png, id=2487, 556.0775pt x 507.8975pt>
File: figures/screenshot/Options.png Graphic file (type png)
<use figures/screenshot/Options.png>
Package pdftex.def Info: figures/screenshot/Options.png  used on input line 273
7.
(pdftex.def)             Requested size: 307.29288pt x 280.66972pt.
<figures/screenshot/Breakpoints.png, id=2490, 554.07pt x 503.8825pt>
File: figures/screenshot/Breakpoints.png Graphic file (type png)
<use figures/screenshot/Breakpoints.png>
Package pdftex.def Info: figures/screenshot/Breakpoints.png  used on input line
 2751.
(pdftex.def)             Requested size: 307.29288pt x 279.45819pt.
<figures/screenshot/Tasks.png, id=2492, 553.06625pt x 508.90125pt>
File: figures/screenshot/Tasks.png Graphic file (type png)
<use figures/screenshot/Tasks.png>
Package pdftex.def Info: figures/screenshot/Tasks.png  used on input line 2762.

(pdftex.def)             Requested size: 307.29288pt x 282.75415pt.
<figures/screenshot/TaskVariables.png, id=2494, 553.06625pt x 509.905pt>
File: figures/screenshot/TaskVariables.png Graphic file (type png)
<use figures/screenshot/TaskVariables.png>
Package pdftex.def Info: figures/screenshot/TaskVariables.png  used on input li
ne 2773.
(pdftex.def)             Requested size: 307.29288pt x 283.31184pt.
<figures/screenshot/Transactions.png, id=2496, 566.115pt x 506.89375pt>
File: figures/screenshot/Transactions.png Graphic file (type png)
<use figures/screenshot/Transactions.png>
Package pdftex.def Info: figures/screenshot/Transactions.png  used on input lin
e 2785.
(pdftex.def)             Requested size: 307.29288pt x 275.14944pt.
<figures/screenshot/CPUHwA.png, id=2498, 568.1225pt x 502.87875pt>
File: figures/screenshot/CPUHwA.png Graphic file (type png)
<use figures/screenshot/CPUHwA.png>
Package pdftex.def Info: figures/screenshot/CPUHwA.png  used on input line 2795
.
(pdftex.def)             Requested size: 307.29288pt x 272.01088pt.
<figures/screenshot/Memories.png, id=2500, 553.06625pt x 510.90875pt>
File: figures/screenshot/Memories.png Graphic file (type png)
<use figures/screenshot/Memories.png>
Package pdftex.def Info: figures/screenshot/Memories.png  used on input line 28
05.
(pdftex.def)             Requested size: 307.29288pt x 283.86954pt.
<figures/Waveform.png, id=2504, 827.09pt x 191.71625pt>
File: figures/Waveform.png Graphic file (type png)
<use figures/Waveform.png>
Package pdftex.def Info: figures/Waveform.png  used on input line 2847.
(pdftex.def)             Requested size: 512.1496pt x 118.71657pt.
<figures/Waveform2.png, id=2506, 980.66376pt x 291.0875pt>
File: figures/Waveform2.png Graphic file (type png)
<use figures/Waveform2.png>
Package pdftex.def Info: figures/Waveform2.png  used on input line 2860.
(pdftex.def)             Requested size: 512.1496pt x 152.02373pt.
[73

 <./figures/screenshot/Options.png>] [74 <./figures/screenshot/Breakpoints.png>
 <./figures/screenshot/Tasks.png>] [75 <./figures/screenshot/TaskVariables.png>
 <./figures/screenshot/Transactions.png>] [76 <./figures/screenshot/CPUHwA.png>
 <./figures/screenshot/Memories.png>] [77 <./figures/Waveform.png>]
<figures/FV.pdf, id=2546, 6527.65924pt x 6163.63814pt>
File: figures/FV.pdf Graphic file (type pdf)
<use figures/FV.pdf>
Package pdftex.def Info: figures/FV.pdf  used on input line 2885.
(pdftex.def)             Requested size: 409.72124pt x 386.82529pt.
[78 <./figures/Waveform2.png>] [79 <./figures/FV.pdf>]
<figures/screenshot/UPPAAL1.png, id=2616, 722.7pt x 522.753pt>
File: figures/screenshot/UPPAAL1.png Graphic file (type png)
<use figures/screenshot/UPPAAL1.png>
Package pdftex.def Info: figures/screenshot/UPPAAL1.png  used on input line 294
9.
(pdftex.def)             Requested size: 512.1496pt x 370.45529pt.
[80 <./figures/screenshot/UPPAAL1.png>]
<figures/screenshot/CmdFormalVerif.png, id=2630, 727.71875pt x 299.1175pt>
File: figures/screenshot/CmdFormalVerif.png Graphic file (type png)
<use figures/screenshot/CmdFormalVerif.png>
Package pdftex.def Info: figures/screenshot/CmdFormalVerif.png  used on input l
ine 3041.
(pdftex.def)             Requested size: 307.29288pt x 126.30855pt.

Underfull \hbox (badness 10000) in paragraph at lines 3046--3049

 []

[81 <./figures/screenshot/CmdFormalVerif.png>]
<figures/RGAnalysis.png, id=2651, 573.14125pt x 593.21625pt>
File: figures/RGAnalysis.png Graphic file (type png)
<use figures/RGAnalysis.png>
Package pdftex.def Info: figures/RGAnalysis.png  used on input line 3095.
(pdftex.def)             Requested size: 230.46574pt x 238.54048pt.
<figures/RGDeadlock.png, id=2653, 574.145pt x 89.33376pt>
File: figures/RGDeadlock.png Graphic file (type png)
<use figures/RGDeadlock.png>
Package pdftex.def Info: figures/RGDeadlock.png  used on input line 3105.
(pdftex.def)             Requested size: 230.46574pt x 35.85826pt.

Underfull \hbox (badness 10000) in paragraph at lines 3109--3110

 []

<figures/RGTree.png, id=2655, 516.93124pt x 398.48875pt>
File: figures/RGTree.png Graphic file (type png)
<use figures/RGTree.png>
Package pdftex.def Info: figures/RGTree.png  used on input line 3115.
(pdftex.def)             Requested size: 230.46574pt x 177.65831pt.
<figures/RGMinimizationWindow.png, id=2657, 725.71124pt x 688.5725pt>
File: figures/RGMinimizationWindow.png Graphic file (type png)
<use figures/RGMinimizationWindow.png>
Package pdftex.def Info: figures/RGMinimizationWindow.png  used on input line 3
124.
(pdftex.def)             Requested size: 332.8941pt x 315.86461pt.
[82 <./figures/RGAnalysis.png> <./figures/RGDeadlock.png>]
<figures/RGMinimizedTree.png, id=2666, 460.72125pt x 397.485pt>
File: figures/RGMinimizedTree.png Graphic file (type png)
<use figures/RGMinimizedTree.png>
Package pdftex.def Info: figures/RGMinimizedTree.png  used on input line 3133.
(pdftex.def)             Requested size: 230.46574pt x 198.83298pt.
<figures/RGMinimized.png, id=2668, 1705.37125pt x 1433.355pt>
File: figures/RGMinimized.png Graphic file (type png)
<use figures/RGMinimized.png>
Package pdftex.def Info: figures/RGMinimized.png  used on input line 3142.
(pdftex.def)             Requested size: 507.03091pt x 426.16049pt.
[83 <./figures/RGTree.png> <./figures/RGMinimizationWindow.png>]
<figures/securityStuff/ProVerifWindow.png, id=2681, 559.08875pt x 466.74374pt>
File: figures/securityStuff/ProVerifWindow.png Graphic file (type png)
<use figures/securityStuff/ProVerifWindow.png>
Package pdftex.def Info: figures/securityStuff/ProVerifWindow.png  used on inpu
t line 3203.
(pdftex.def)             Requested size: 332.8941pt x 277.91895pt.
<figures/securityStuff/ProVerifWindowRes.png, id=2682, 509.905pt x 462.72874pt>

File: figures/securityStuff/ProVerifWindowRes.png Graphic file (type png)
<use figures/securityStuff/ProVerifWindowRes.png>
Package pdftex.def Info: figures/securityStuff/ProVerifWindowRes.png  used on i
nput line 3210.
(pdftex.def)             Requested size: 307.29288pt x 278.875pt.
[84 <./figures/RGMinimizedTree.png>] [85 <./figures/RGMinimized.png>] [86 <./fi
gures/securityStuff/ProVerifWindow.png> <./figures/securityStuff/ProVerifWindow
Res.png>]
<figures/PsiChartReal.pdf, id=2702, 1043.9pt x 1316.92pt>
File: figures/PsiChartReal.pdf Graphic file (type pdf)
<use figures/PsiChartReal.pdf>
Package pdftex.def Info: figures/PsiChartReal.pdf  used on input line 3225.
(pdftex.def)             Requested size: 1043.89745pt x 1316.9168pt.

Package hyperref Warning: Difference (2) between bookmark levels is greater 
(hyperref)                than one, level fixed on input line 3260.

<figures/ModelCompiler.pdf, id=2713, 2184.16pt x 762.85pt>
File: figures/ModelCompiler.pdf Graphic file (type pdf)
<use figures/ModelCompiler.pdf>
Package pdftex.def Info: figures/ModelCompiler.pdf  used on input line 3287.
(pdftex.def)             Requested size: 409.72124pt x 143.09222pt.
[87 <./figures/PsiChartReal.pdf>] [88 <./figures/ModelCompiler.pdf>]
<figures/screenshot/Prex.png, id=2865, 346.29375pt x 728.7225pt>
File: figures/screenshot/Prex.png Graphic file (type png)
<use figures/screenshot/Prex.png>
Package pdftex.def Info: figures/screenshot/Prex.png  used on input line 3336.
(pdftex.def)             Requested size: 179.25548pt x 377.2255pt.
<figures/screenshot/Postex.png, id=2866, 349.305pt x 698.61pt>
File: figures/screenshot/Postex.png Graphic file (type png)
<use figures/screenshot/Postex.png>
Package pdftex.def Info: figures/screenshot/Postex.png  used on input line 3344
.
(pdftex.def)             Requested size: 179.25548pt x 358.51431pt.
<figures/screenshot/CCodeGenButton.pdf, id=2868, 1096.89806pt x 616.70403pt>
File: figures/screenshot/CCodeGenButton.pdf Graphic file (type pdf)
<use figures/screenshot/CCodeGenButton.pdf>
Package pdftex.def Info: figures/screenshot/CCodeGenButton.pdf  used on input l
ine 3354.
(pdftex.def)             Requested size: 512.1496pt x 287.94067pt.
<figures/screenshot/CCodeGen1.png, id=2870, 1371.1225pt x 770.88pt>
File: figures/screenshot/CCodeGen1.png Graphic file (type png)
<use figures/screenshot/CCodeGen1.png>
Package pdftex.def Info: figures/screenshot/CCodeGen1.png  used on input line 3
366.
(pdftex.def)             Requested size: 512.1496pt x 287.95007pt.
[89 <./figures/screenshot/Prex.png>] [90 <./figures/screenshot/Postex.png>] [91
 <./figures/screenshot/CCodeGenButton.pdf> <./figures/screenshot/CCodeGen1.png>
]
Package hyperref Info: bookmark level for unknown algorithm defaults to 0 on in
put line 3398.
<figures/screenshot/CCodeGen2.png, id=2899, 1371.1225pt x 770.88pt>
File: figures/screenshot/CCodeGen2.png Graphic file (type png)
<use figures/screenshot/CCodeGen2.png>
Package pdftex.def Info: figures/screenshot/CCodeGen2.png  used on input line 3
419.
(pdftex.def)             Requested size: 512.1496pt x 287.95007pt.

Underfull \hbox (badness 10000) in paragraph at lines 3430--3433

 []

Package hyperref Info: bookmark level for unknown lstlisting defaults to 0 on i
nput line 3464.
[92] [93]
Underfull \hbox (badness 10000) in paragraph at lines 3528--3531

 []

<figures/securityStuff/sampleArch.pdf, id=2972, 935.495pt x 249.93375pt>
File: figures/securityStuff/sampleArch.pdf Graphic file (type pdf)
<use figures/securityStuff/sampleArch.pdf>
Package pdftex.def Info: figures/securityStuff/sampleArch.pdf  used on input li
ne 3540.
(pdftex.def)             Requested size: 358.50314pt x 95.78049pt.
<figures/securityStuff/sampleComp.pdf, id=2975, 786.94pt x 219.82124pt>
File: figures/securityStuff/sampleComp.pdf Graphic file (type pdf)
<use figures/securityStuff/sampleComp.pdf>
Package pdftex.def Info: figures/securityStuff/sampleComp.pdf  used on input li
ne 3559.
(pdftex.def)             Requested size: 358.50314pt x 100.14291pt.
[94 <./figures/screenshot/CCodeGen2.png> <./figures/securityStuff/sampleArch.pd
f>]
<figures/securityStuff/alice_bob_nonce_ad_alice-svg.pdf, id=2984, 106.3975pt x 
198.7425pt>
File: figures/securityStuff/alice_bob_nonce_ad_alice-svg.pdf Graphic file (type
 pdf)
<use figures/securityStuff/alice_bob_nonce_ad_alice-svg.pdf>
Package pdftex.def Info: figures/securityStuff/alice_bob_nonce_ad_alice-svg.pdf
  used on input line 3581.
(pdftex.def)             Requested size: 76.8193pt x 143.50084pt.
<figures/securityStuff/fv_alice_bob_nonce-svg.pdf, id=2985, 397.485pt x 138.517
5pt>
File: figures/securityStuff/fv_alice_bob_nonce-svg.pdf Graphic file (type pdf)
<use figures/securityStuff/fv_alice_bob_nonce-svg.pdf>
Package pdftex.def Info: figures/securityStuff/fv_alice_bob_nonce-svg.pdf  used
 on input line 3582.
(pdftex.def)             Requested size: 307.29288pt x 107.08997pt.
<figures/securityStuff/alice_bob_nonce_ad_bob-svg.pdf, id=2986, 111.41624pt x 2
42.9075pt>
File: figures/securityStuff/alice_bob_nonce_ad_bob-svg.pdf Graphic file (type p
df)
<use figures/securityStuff/alice_bob_nonce_ad_bob-svg.pdf>
Package pdftex.def Info: figures/securityStuff/alice_bob_nonce_ad_bob-svg.pdf  
used on input line 3583.
(pdftex.def)             Requested size: 76.8193pt x 167.48032pt.
<figures/securityStuff/keyArch.pdf, id=2989, 937.5025pt x 245.91875pt>
File: figures/securityStuff/keyArch.pdf Graphic file (type pdf)
<use figures/securityStuff/keyArch.pdf>
Package pdftex.def Info: figures/securityStuff/keyArch.pdf  used on input line 
3601.
(pdftex.def)             Requested size: 358.50314pt x 94.03922pt.
<figures/securityStuff/keyComp.pdf, id=2990, 871.255pt x 333.245pt>
File: figures/securityStuff/keyComp.pdf Graphic file (type pdf)
<use figures/securityStuff/keyComp.pdf>
Package pdftex.def Info: figures/securityStuff/keyComp.pdf  used on input line 
3609.
(pdftex.def)             Requested size: 409.72124pt x 156.71161pt.
[95 <./figures/securityStuff/sampleComp.pdf> <./figures/securityStuff/alice_bob
_nonce_ad_alice-svg.pdf> <./figures/securityStuff/fv_alice_bob_nonce-svg.pdf> <
./figures/securityStuff/alice_bob_nonce_ad_bob-svg.pdf>]
<figures/securityStuff/macComp.pdf, id=3052, 787.94376pt x 212.795pt>
File: figures/securityStuff/macComp.pdf Graphic file (type pdf)
<use figures/securityStuff/macComp.pdf>
Package pdftex.def Info: figures/securityStuff/macComp.pdf  used on input line 
3635.
(pdftex.def)             Requested size: 358.50314pt x 96.81862pt.
<figures/securityStuff/autoSec.png, id=3053, 655.44875pt x 639.38875pt>
File: figures/securityStuff/autoSec.png Graphic file (type png)
<use figures/securityStuff/autoSec.png>
Package pdftex.def Info: figures/securityStuff/autoSec.png  used on input line 
3647.
(pdftex.def)             Requested size: 358.50314pt x 349.72339pt.
[96 <./figures/securityStuff/keyArch.pdf> <./figures/securityStuff/keyComp.pdf>
] [97 <./figures/securityStuff/macComp.pdf> <./figures/securityStuff/autoSec.pn
g>]
<figures/securityStuff/secComp.pdf, id=3076, 282.12746pt x 73.23029pt>
File: figures/securityStuff/secComp.pdf Graphic file (type pdf)
<use figures/securityStuff/secComp.pdf>
Package pdftex.def Info: figures/securityStuff/secComp.pdf  used on input line 
3659.
(pdftex.def)             Requested size: 256.0748pt x 66.46756pt.
<figures/securityStuff/secCompRes.pdf, id=3077, 473.14725pt x 245.10815pt>
File: figures/securityStuff/secCompRes.pdf Graphic file (type pdf)
<use figures/securityStuff/secCompRes.pdf>
Package pdftex.def Info: figures/securityStuff/secCompRes.pdf  used on input li
ne 3667.
(pdftex.def)             Requested size: 409.72124pt x 212.25873pt.
[98 <./figures/securityStuff/secComp.pdf> <./figures/securityStuff/secCompRes.p
df

pdfTeX warning: /opt/local/bin/pdflatex (file ./figures/securityStuff/secCompRe
s.pdf): PDF inclusion: multiple pdfs with page group included in a single page
>] [99] [100] [101] [102] [103] [104] [105] [106] (build/Tutorial.aux)

LaTeX Font Warning: Some font shapes were not available, defaults substituted.

Package rerunfilecheck Info: File `Tutorial.out' has not changed.
(rerunfilecheck)             Checksum: 6BBF8DE0DDB8BC43A86DEA0130CA0D4B;11289.
 ) 
Here is how much of TeX's memory you used:
 15193 strings out of 479309
 247990 string characters out of 5867802
 1624210 words of memory out of 5000000
 32292 multiletter control sequences out of 15000+600000
 476630 words of font info for 55 fonts, out of 8000000 for 9000
 475 hyphenation exceptions out of 8191
 60i,21n,63p,655b,1469s stack positions out of 10000i,1000n,20000p,200000b,200000s

pdfTeX warning (dest): name{Hfootnote.3} has been referenced but does not exist
, replaced by a fixed one

{/opt/local/share/texmf-texlive/fonts/enc/dvips/cm-super/cm-super-ts1.enc}</opt
/local/share/texmf-texlive/fonts/type1/public/amsfonts/cm/cmbx10.pfb></opt/loca
l/share/texmf-texlive/fonts/type1/public/amsfonts/cm/cmbx12.pfb></opt/local/sha
re/texmf-texlive/fonts/type1/public/amsfonts/cm/cmbx9.pfb></opt/local/share/tex
mf-texlive/fonts/type1/public/amsfonts/cm/cmmi10.pfb></opt/local/share/texmf-te
xlive/fonts/type1/public/amsfonts/cm/cmmi5.pfb></opt/local/share/texmf-texlive/
fonts/type1/public/amsfonts/cm/cmmi7.pfb></opt/local/share/texmf-texlive/fonts/
type1/public/amsfonts/cm/cmmi9.pfb></opt/local/share/texmf-texlive/fonts/type1/
public/amsfonts/cm/cmr10.pfb></opt/local/share/texmf-texlive/fonts/type1/public
/amsfonts/cm/cmr5.pfb></opt/local/share/texmf-texlive/fonts/type1/public/amsfon
ts/cm/cmr6.pfb></opt/local/share/texmf-texlive/fonts/type1/public/amsfonts/cm/c
mr7.pfb></opt/local/share/texmf-texlive/fonts/type1/public/amsfonts/cm/cmr8.pfb
></opt/local/share/texmf-texlive/fonts/type1/public/amsfonts/cm/cmr9.pfb></opt/
local/share/texmf-texlive/fonts/type1/public/amsfonts/cm/cmsy10.pfb></opt/local
/share/texmf-texlive/fonts/type1/public/amsfonts/cm/cmsy5.pfb></opt/local/share
/texmf-texlive/fonts/type1/public/amsfonts/cm/cmsy7.pfb></opt/local/share/texmf
-texlive/fonts/type1/public/amsfonts/cm/cmsy9.pfb></opt/local/share/texmf-texli
ve/fonts/type1/public/amsfonts/cm/cmti10.pfb></opt/local/share/texmf-texlive/fo
nts/type1/public/amsfonts/cm/cmti9.pfb></opt/local/share/texmf-texlive/fonts/ty
pe1/public/amsfonts/cm/cmtt10.pfb></opt/local/share/texmf-texlive/fonts/type1/p
ublic/amsfonts/cm/cmtt8.pfb></opt/local/share/texmf-texlive/fonts/type1/public/
amsfonts/cm/cmtt9.pfb></opt/local/share/texmf-texlive/fonts/type1/public/cm-sup
er/sfrm0500.pfb></opt/local/share/texmf-texlive/fonts/type1/public/cm-super/sfr
m1000.pfb>
Output written on build/Tutorial.pdf (106 pages, 7792319 bytes).
PDF statistics:
 3391 PDF objects out of 3580 (max. 8388607)
 2592 compressed objects within 26 object streams
 598 named destinations out of 1000 (max. 500000)
 1060 words of extra memory for PDF output out of 10000 (max. 10000000)

